Copyright 1986-2017 Xilinx, Inc. All Rights Reserved.
------------------------------------------------------------------------------------
| Tool Version : Vivado v.2017.4 (lin64) Build 2086221 Fri Dec 15 20:54:30 MST 2017
| Date         : Sat Feb 27 19:06:28 2021
| Host         : buflightdev running 64-bit Ubuntu 16.04.7 LTS
| Command      : upgrade_ip
| Device       : xczu9eg-ffvb1156-2-e
------------------------------------------------------------------------------------

Upgrade Log for IP 'design_6_porttoportmapping_v1_0_0_0'

1. Summary
----------

SUCCESS in the upgrade of design_6_porttoportmapping_v1_0_0_0 (user.org:user:porttoportmapping_v1_0:1.0) from (Rev. 31) to (Rev. 32)






Copyright 1986-2017 Xilinx, Inc. All Rights Reserved.
------------------------------------------------------------------------------------
| Tool Version : Vivado v.2017.4 (lin64) Build 2086221 Fri Dec 15 20:54:30 MST 2017
| Date         : Sat Feb 27 19:06:27 2021
| Host         : buflightdev running 64-bit Ubuntu 16.04.7 LTS
| Command      : upgrade_ip
| Device       : xczu9eg-ffvb1156-2-e
------------------------------------------------------------------------------------

Upgrade Log for IP 'design_5_porttoportmapping_v1_0_0_0'

1. Summary
----------

SUCCESS in the upgrade of design_5_porttoportmapping_v1_0_0_0 (user.org:user:porttoportmapping_v1_0:1.0) from (Rev. 31) to (Rev. 32)






Copyright 1986-2017 Xilinx, Inc. All Rights Reserved.
------------------------------------------------------------------------------------
| Tool Version : Vivado v.2017.4 (lin64) Build 2086221 Fri Dec 15 20:54:30 MST 2017
| Date         : Sat Feb 27 19:06:26 2021
| Host         : buflightdev running 64-bit Ubuntu 16.04.7 LTS
| Command      : upgrade_ip
| Device       : xczu9eg-ffvb1156-2-e
------------------------------------------------------------------------------------

Upgrade Log for IP 'design_4_porttoportmapping_v1_0_0_0'

1. Summary
----------

SUCCESS in the upgrade of design_4_porttoportmapping_v1_0_0_0 (user.org:user:porttoportmapping_v1_0:1.0) from (Rev. 31) to (Rev. 32)






Copyright 1986-2017 Xilinx, Inc. All Rights Reserved.
------------------------------------------------------------------------------------
| Tool Version : Vivado v.2017.4 (lin64) Build 2086221 Fri Dec 15 20:54:30 MST 2017
| Date         : Sat Feb 27 19:06:23 2021
| Host         : buflightdev running 64-bit Ubuntu 16.04.7 LTS
| Command      : upgrade_ip
| Device       : xczu9eg-ffvb1156-2-e
------------------------------------------------------------------------------------

Upgrade Log for IP 'design_2_porttoportmapping_v1_0_0_0'

1. Summary
----------

SUCCESS in the upgrade of design_2_porttoportmapping_v1_0_0_0 (user.org:user:porttoportmapping_v1_0:1.0) from (Rev. 31) to (Rev. 32)






Copyright 1986-2017 Xilinx, Inc. All Rights Reserved.
------------------------------------------------------------------------------------
| Tool Version : Vivado v.2017.4 (lin64) Build 2086221 Fri Dec 15 20:54:30 MST 2017
| Date         : Sat Feb 27 19:06:23 2021
| Host         : buflightdev running 64-bit Ubuntu 16.04.7 LTS
| Command      : upgrade_ip
| Device       : xczu9eg-ffvb1156-2-e
------------------------------------------------------------------------------------

Upgrade Log for IP 'design_1_porttoportmapping_v1_0_0_0'

1. Summary
----------

SUCCESS in the upgrade of design_1_porttoportmapping_v1_0_0_0 (user.org:user:porttoportmapping_v1_0:1.0) from (Rev. 31) to (Rev. 32)

