
*** Running vivado
    with args -log design_3_wrapper.vds -m64 -product Vivado -mode batch -messageDb vivado.pb -notrace -source design_3_wrapper.tcl


****** Vivado v2017.4 (64-bit)
  **** SW Build 2086221 on Fri Dec 15 20:54:30 MST 2017
  **** IP Build 2085800 on Fri Dec 15 22:25:07 MST 2017
    ** Copyright 1986-2017 Xilinx, Inc. All Rights Reserved.

source design_3_wrapper.tcl -notrace
INFO: [IP_Flow 19-234] Refreshing IP repositories
INFO: [IP_Flow 19-1700] Loaded user IP repository '/home/ro0zkhosh/SchIM/MemorEDF/rtl/ip_repo'.
INFO: [IP_Flow 19-2313] Loaded Vivado IP repository '/home/ro0zkhosh/Xilinx/Vivado/2017.4/data/ip'.
add_files: Time (s): cpu = 00:00:12 ; elapsed = 00:00:23 . Memory (MB): peak = 1530.824 ; gain = 352.961 ; free physical = 73969 ; free virtual = 86073
Command: synth_design -top design_3_wrapper -part xczu9eg-ffvb1156-2-e
Starting synth_design
Attempting to get a license for feature 'Synthesis' and/or device 'xczu9eg'
INFO: [Common 17-349] Got license for feature 'Synthesis' and/or device 'xczu9eg'
INFO: [Common 17-1540] The version limit for your license is '2019.11' and has expired for new software. A version limit expiration means that, although you may be able to continue to use the current version of tools or IP with this license, you will not be eligible for any updates or new releases.
INFO: Launching helper process for spawning children vivado processes
INFO: Helper process launched with PID 48853 
---------------------------------------------------------------------------------
Starting RTL Elaboration : Time (s): cpu = 00:00:06 ; elapsed = 00:00:07 . Memory (MB): peak = 1552.203 ; gain = 0.000 ; free physical = 73802 ; free virtual = 85911
---------------------------------------------------------------------------------
INFO: [Synth 8-638] synthesizing module 'design_3_wrapper' [/home/ro0zkhosh/SchIM/MemorEDF/rtl/MemorEDF/MemorEDF.srcs/sources_1/bd/design_3/hdl/design_3_wrapper.v:12]
INFO: [Synth 8-638] synthesizing module 'design_3' [/home/ro0zkhosh/SchIM/MemorEDF/rtl/MemorEDF/MemorEDF.srcs/sources_1/bd/design_3/synth/design_3.v:13]
INFO: [Synth 8-638] synthesizing module 'design_3_AXI_PerfectTranslator_0_0' [/home/ro0zkhosh/SchIM/MemorEDF/rtl/MemorEDF/MemorEDF.runs/synth_1/.Xil/Vivado-48808-Tower/realtime/design_3_AXI_PerfectTranslator_0_0_stub.v:6]
INFO: [Synth 8-256] done synthesizing module 'design_3_AXI_PerfectTranslator_0_0' (1#1) [/home/ro0zkhosh/SchIM/MemorEDF/rtl/MemorEDF/MemorEDF.runs/synth_1/.Xil/Vivado-48808-Tower/realtime/design_3_AXI_PerfectTranslator_0_0_stub.v:6]
INFO: [Synth 8-638] synthesizing module 'design_3_porttoportmapping_v1_0_0_0' [/home/ro0zkhosh/SchIM/MemorEDF/rtl/MemorEDF/MemorEDF.runs/synth_1/.Xil/Vivado-48808-Tower/realtime/design_3_porttoportmapping_v1_0_0_0_stub.v:6]
INFO: [Synth 8-256] done synthesizing module 'design_3_porttoportmapping_v1_0_0_0' (2#1) [/home/ro0zkhosh/SchIM/MemorEDF/rtl/MemorEDF/MemorEDF.runs/synth_1/.Xil/Vivado-48808-Tower/realtime/design_3_porttoportmapping_v1_0_0_0_stub.v:6]
INFO: [Synth 8-638] synthesizing module 'design_3_rst_ps8_0_99M_0' [/home/ro0zkhosh/SchIM/MemorEDF/rtl/MemorEDF/MemorEDF.runs/synth_1/.Xil/Vivado-48808-Tower/realtime/design_3_rst_ps8_0_99M_0_stub.v:6]
INFO: [Synth 8-256] done synthesizing module 'design_3_rst_ps8_0_99M_0' (3#1) [/home/ro0zkhosh/SchIM/MemorEDF/rtl/MemorEDF/MemorEDF.runs/synth_1/.Xil/Vivado-48808-Tower/realtime/design_3_rst_ps8_0_99M_0_stub.v:6]
WARNING: [Synth 8-350] instance 'rst_ps8_0_99M' of module 'design_3_rst_ps8_0_99M_0' requires 10 connections, but only 6 given [/home/ro0zkhosh/SchIM/MemorEDF/rtl/MemorEDF/MemorEDF.srcs/sources_1/bd/design_3/synth/design_3.v:307]
WARNING: [Synth 8-4446] all outputs are unconnected for this instance and logic may be removed [/home/ro0zkhosh/SchIM/MemorEDF/rtl/MemorEDF/MemorEDF.srcs/sources_1/bd/design_3/synth/design_3.v:314]
INFO: [Synth 8-638] synthesizing module 'design_3_system_ila_0_0' [/home/ro0zkhosh/SchIM/MemorEDF/rtl/MemorEDF/MemorEDF.runs/synth_1/.Xil/Vivado-48808-Tower/realtime/design_3_system_ila_0_0_stub.v:6]
INFO: [Synth 8-256] done synthesizing module 'design_3_system_ila_0_0' (4#1) [/home/ro0zkhosh/SchIM/MemorEDF/rtl/MemorEDF/MemorEDF.runs/synth_1/.Xil/Vivado-48808-Tower/realtime/design_3_system_ila_0_0_stub.v:6]
INFO: [Synth 8-638] synthesizing module 'design_3_zynq_ultra_ps_e_0_0' [/home/ro0zkhosh/SchIM/MemorEDF/rtl/MemorEDF/MemorEDF.runs/synth_1/.Xil/Vivado-48808-Tower/realtime/design_3_zynq_ultra_ps_e_0_0_stub.v:6]
INFO: [Synth 8-256] done synthesizing module 'design_3_zynq_ultra_ps_e_0_0' (5#1) [/home/ro0zkhosh/SchIM/MemorEDF/rtl/MemorEDF/MemorEDF.runs/synth_1/.Xil/Vivado-48808-Tower/realtime/design_3_zynq_ultra_ps_e_0_0_stub.v:6]
INFO: [Synth 8-6071] Mark debug on the nets applies keep_hierarchy on instance 'zynq_ultra_ps_e_0'. This will prevent further optimization [/home/ro0zkhosh/SchIM/MemorEDF/rtl/MemorEDF/MemorEDF.srcs/sources_1/bd/design_3/synth/design_3.v:395]
INFO: [Synth 8-6071] Mark debug on the nets applies keep_hierarchy on instance 'system_ila_0'. This will prevent further optimization [/home/ro0zkhosh/SchIM/MemorEDF/rtl/MemorEDF/MemorEDF.srcs/sources_1/bd/design_3/synth/design_3.v:314]
INFO: [Synth 8-6071] Mark debug on the nets applies keep_hierarchy on instance 'porttoportmapping_v1_0_0'. This will prevent further optimization [/home/ro0zkhosh/SchIM/MemorEDF/rtl/MemorEDF/MemorEDF.srcs/sources_1/bd/design_3/synth/design_3.v:222]
INFO: [Synth 8-6071] Mark debug on the nets applies keep_hierarchy on instance 'AXI_PerfectTranslator_0'. This will prevent further optimization [/home/ro0zkhosh/SchIM/MemorEDF/rtl/MemorEDF/MemorEDF.srcs/sources_1/bd/design_3/synth/design_3.v:137]
INFO: [Synth 8-256] done synthesizing module 'design_3' (6#1) [/home/ro0zkhosh/SchIM/MemorEDF/rtl/MemorEDF/MemorEDF.srcs/sources_1/bd/design_3/synth/design_3.v:13]
WARNING: [Synth 8-115] binding instance 'design_3_i' in module 'design_3_wrapper' to reference 'design_3' which has no pins
INFO: [Synth 8-256] done synthesizing module 'design_3_wrapper' (7#1) [/home/ro0zkhosh/SchIM/MemorEDF/rtl/MemorEDF/MemorEDF.srcs/sources_1/bd/design_3/hdl/design_3_wrapper.v:12]
---------------------------------------------------------------------------------
Finished RTL Elaboration : Time (s): cpu = 00:00:07 ; elapsed = 00:00:08 . Memory (MB): peak = 1552.203 ; gain = 0.000 ; free physical = 73809 ; free virtual = 85917
---------------------------------------------------------------------------------

Report Check Netlist: 
+------+------------------+-------+---------+-------+------------------+
|      |Item              |Errors |Warnings |Status |Description       |
+------+------------------+-------+---------+-------+------------------+
|1     |multi_driven_nets |      0|        0|Passed |Multi driven nets |
+------+------------------+-------+---------+-------+------------------+
---------------------------------------------------------------------------------
Finished RTL Optimization Phase 1 : Time (s): cpu = 00:00:07 ; elapsed = 00:00:08 . Memory (MB): peak = 1552.203 ; gain = 0.000 ; free physical = 73819 ; free virtual = 85923
---------------------------------------------------------------------------------
INFO: [Device 21-403] Loading part xczu9eg-ffvb1156-2-e
INFO: [Project 1-570] Preparing netlist for logic optimization

Processing XDC Constraints
Initializing timing engine
Parsing XDC File [/home/ro0zkhosh/SchIM/MemorEDF/rtl/MemorEDF/MemorEDF.runs/synth_1/.Xil/Vivado-48808-Tower/dcp5/design_3_zynq_ultra_ps_e_0_0_in_context.xdc] for cell 'design_3_i/zynq_ultra_ps_e_0'
Finished Parsing XDC File [/home/ro0zkhosh/SchIM/MemorEDF/rtl/MemorEDF/MemorEDF.runs/synth_1/.Xil/Vivado-48808-Tower/dcp5/design_3_zynq_ultra_ps_e_0_0_in_context.xdc] for cell 'design_3_i/zynq_ultra_ps_e_0'
Parsing XDC File [/home/ro0zkhosh/SchIM/MemorEDF/rtl/MemorEDF/MemorEDF.runs/synth_1/.Xil/Vivado-48808-Tower/dcp6/design_3_porttoportmapping_v1_0_0_0_in_context.xdc] for cell 'design_3_i/porttoportmapping_v1_0_0'
Finished Parsing XDC File [/home/ro0zkhosh/SchIM/MemorEDF/rtl/MemorEDF/MemorEDF.runs/synth_1/.Xil/Vivado-48808-Tower/dcp6/design_3_porttoportmapping_v1_0_0_0_in_context.xdc] for cell 'design_3_i/porttoportmapping_v1_0_0'
Parsing XDC File [/home/ro0zkhosh/SchIM/MemorEDF/rtl/MemorEDF/MemorEDF.runs/synth_1/.Xil/Vivado-48808-Tower/dcp7/design_3_AXI_PerfectTranslator_0_0_in_context.xdc] for cell 'design_3_i/AXI_PerfectTranslator_0'
Finished Parsing XDC File [/home/ro0zkhosh/SchIM/MemorEDF/rtl/MemorEDF/MemorEDF.runs/synth_1/.Xil/Vivado-48808-Tower/dcp7/design_3_AXI_PerfectTranslator_0_0_in_context.xdc] for cell 'design_3_i/AXI_PerfectTranslator_0'
Parsing XDC File [/home/ro0zkhosh/SchIM/MemorEDF/rtl/MemorEDF/MemorEDF.runs/synth_1/.Xil/Vivado-48808-Tower/dcp8/design_2_rst_ps8_0_99M_0_in_context.xdc] for cell 'design_3_i/rst_ps8_0_99M'
Finished Parsing XDC File [/home/ro0zkhosh/SchIM/MemorEDF/rtl/MemorEDF/MemorEDF.runs/synth_1/.Xil/Vivado-48808-Tower/dcp8/design_2_rst_ps8_0_99M_0_in_context.xdc] for cell 'design_3_i/rst_ps8_0_99M'
Parsing XDC File [/home/ro0zkhosh/SchIM/MemorEDF/rtl/MemorEDF/MemorEDF.runs/synth_1/.Xil/Vivado-48808-Tower/dcp9/design_3_system_ila_0_0_in_context.xdc] for cell 'design_3_i/system_ila_0'
Finished Parsing XDC File [/home/ro0zkhosh/SchIM/MemorEDF/rtl/MemorEDF/MemorEDF.runs/synth_1/.Xil/Vivado-48808-Tower/dcp9/design_3_system_ila_0_0_in_context.xdc] for cell 'design_3_i/system_ila_0'
Parsing XDC File [/home/ro0zkhosh/SchIM/MemorEDF/rtl/MemorEDF/MemorEDF.srcs/constrs_1/new/design_2_wrapper.xdc]
WARNING: [Vivado 12-507] No nets matched 'design_2_i/MemorEDF_0/m00_axi_aclk'. [/home/ro0zkhosh/SchIM/MemorEDF/rtl/MemorEDF/MemorEDF.srcs/constrs_1/new/design_2_wrapper.xdc:20]
WARNING: [Vivado 12-507] No nets matched 'design_2_i/MemorEDF_0/m00_axi_bresp[1]'. [/home/ro0zkhosh/SchIM/MemorEDF/rtl/MemorEDF/MemorEDF.srcs/constrs_1/new/design_2_wrapper.xdc:21]
WARNING: [Vivado 12-507] No nets matched 'design_2_i/MemorEDF_0/m00_axi_rresp[1]'. [/home/ro0zkhosh/SchIM/MemorEDF/rtl/MemorEDF/MemorEDF.srcs/constrs_1/new/design_2_wrapper.xdc:22]
WARNING: [Vivado 12-507] No nets matched 'design_2_i/MemorEDF_0/m00_axi_bresp[0]'. [/home/ro0zkhosh/SchIM/MemorEDF/rtl/MemorEDF/MemorEDF.srcs/constrs_1/new/design_2_wrapper.xdc:23]
WARNING: [Vivado 12-507] No nets matched 'design_2_i/MemorEDF_0/m00_axi_awsize[2]'. [/home/ro0zkhosh/SchIM/MemorEDF/rtl/MemorEDF/MemorEDF.srcs/constrs_1/new/design_2_wrapper.xdc:27]
WARNING: [Vivado 12-507] No nets matched 'design_2_i/MemorEDF_0/m00_axi_awqos[3]'. [/home/ro0zkhosh/SchIM/MemorEDF/rtl/MemorEDF/MemorEDF.srcs/constrs_1/new/design_2_wrapper.xdc:28]
WARNING: [Vivado 12-507] No nets matched 'design_2_i/MemorEDF_0/m00_axi_rdata[52]'. [/home/ro0zkhosh/SchIM/MemorEDF/rtl/MemorEDF/MemorEDF.srcs/constrs_1/new/design_2_wrapper.xdc:29]
WARNING: [Vivado 12-507] No nets matched 'design_2_i/MemorEDF_0/m00_axi_rdata[40]'. [/home/ro0zkhosh/SchIM/MemorEDF/rtl/MemorEDF/MemorEDF.srcs/constrs_1/new/design_2_wrapper.xdc:30]
WARNING: [Vivado 12-507] No nets matched 'design_2_i/MemorEDF_0/m00_axi_bid[13]'. [/home/ro0zkhosh/SchIM/MemorEDF/rtl/MemorEDF/MemorEDF.srcs/constrs_1/new/design_2_wrapper.xdc:31]
WARNING: [Vivado 12-507] No nets matched 'design_2_i/MemorEDF_0/m00_axi_bid[10]'. [/home/ro0zkhosh/SchIM/MemorEDF/rtl/MemorEDF/MemorEDF.srcs/constrs_1/new/design_2_wrapper.xdc:32]
WARNING: [Vivado 12-507] No nets matched 'design_2_i/MemorEDF_0/m00_axi_awuser[13]'. [/home/ro0zkhosh/SchIM/MemorEDF/rtl/MemorEDF/MemorEDF.srcs/constrs_1/new/design_2_wrapper.xdc:33]
WARNING: [Vivado 12-507] No nets matched 'design_2_i/MemorEDF_0/m00_axi_awuser[9]'. [/home/ro0zkhosh/SchIM/MemorEDF/rtl/MemorEDF/MemorEDF.srcs/constrs_1/new/design_2_wrapper.xdc:34]
WARNING: [Vivado 12-507] No nets matched 'design_2_i/MemorEDF_0/m00_axi_awlen[7]'. [/home/ro0zkhosh/SchIM/MemorEDF/rtl/MemorEDF/MemorEDF.srcs/constrs_1/new/design_2_wrapper.xdc:35]
WARNING: [Vivado 12-507] No nets matched 'design_2_i/MemorEDF_0/m00_axi_awid[15]'. [/home/ro0zkhosh/SchIM/MemorEDF/rtl/MemorEDF/MemorEDF.srcs/constrs_1/new/design_2_wrapper.xdc:36]
WARNING: [Vivado 12-507] No nets matched 'design_2_i/MemorEDF_0/m00_axi_awid[6]'. [/home/ro0zkhosh/SchIM/MemorEDF/rtl/MemorEDF/MemorEDF.srcs/constrs_1/new/design_2_wrapper.xdc:37]
WARNING: [Vivado 12-507] No nets matched 'design_2_i/MemorEDF_0/m00_axi_wdata[98]'. [/home/ro0zkhosh/SchIM/MemorEDF/rtl/MemorEDF/MemorEDF.srcs/constrs_1/new/design_2_wrapper.xdc:38]
WARNING: [Vivado 12-507] No nets matched 'design_2_i/MemorEDF_0/m00_axi_wdata[92]'. [/home/ro0zkhosh/SchIM/MemorEDF/rtl/MemorEDF/MemorEDF.srcs/constrs_1/new/design_2_wrapper.xdc:39]
WARNING: [Vivado 12-507] No nets matched 'design_2_i/MemorEDF_0/m00_axi_wdata[89]'. [/home/ro0zkhosh/SchIM/MemorEDF/rtl/MemorEDF/MemorEDF.srcs/constrs_1/new/design_2_wrapper.xdc:40]
WARNING: [Vivado 12-507] No nets matched 'design_2_i/MemorEDF_0/m00_axi_wdata[65]'. [/home/ro0zkhosh/SchIM/MemorEDF/rtl/MemorEDF/MemorEDF.srcs/constrs_1/new/design_2_wrapper.xdc:41]
WARNING: [Vivado 12-507] No nets matched 'design_2_i/MemorEDF_0/m00_axi_wdata[47]'. [/home/ro0zkhosh/SchIM/MemorEDF/rtl/MemorEDF/MemorEDF.srcs/constrs_1/new/design_2_wrapper.xdc:42]
WARNING: [Vivado 12-507] No nets matched 'design_2_i/MemorEDF_0/m00_axi_wdata[41]'. [/home/ro0zkhosh/SchIM/MemorEDF/rtl/MemorEDF/MemorEDF.srcs/constrs_1/new/design_2_wrapper.xdc:43]
WARNING: [Vivado 12-507] No nets matched 'design_2_i/MemorEDF_0/m00_axi_wdata[35]'. [/home/ro0zkhosh/SchIM/MemorEDF/rtl/MemorEDF/MemorEDF.srcs/constrs_1/new/design_2_wrapper.xdc:44]
WARNING: [Vivado 12-507] No nets matched 'design_2_i/MemorEDF_0/m00_axi_wdata[32]'. [/home/ro0zkhosh/SchIM/MemorEDF/rtl/MemorEDF/MemorEDF.srcs/constrs_1/new/design_2_wrapper.xdc:45]
WARNING: [Vivado 12-507] No nets matched 'design_2_i/MemorEDF_0/m00_axi_wdata[26]'. [/home/ro0zkhosh/SchIM/MemorEDF/rtl/MemorEDF/MemorEDF.srcs/constrs_1/new/design_2_wrapper.xdc:46]
WARNING: [Vivado 12-507] No nets matched 'design_2_i/MemorEDF_0/m00_axi_wdata[23]'. [/home/ro0zkhosh/SchIM/MemorEDF/rtl/MemorEDF/MemorEDF.srcs/constrs_1/new/design_2_wrapper.xdc:47]
WARNING: [Vivado 12-507] No nets matched 'design_2_i/MemorEDF_0/m00_axi_wdata[20]'. [/home/ro0zkhosh/SchIM/MemorEDF/rtl/MemorEDF/MemorEDF.srcs/constrs_1/new/design_2_wrapper.xdc:48]
WARNING: [Vivado 12-507] No nets matched 'design_2_i/MemorEDF_0/m00_axi_wdata[17]'. [/home/ro0zkhosh/SchIM/MemorEDF/rtl/MemorEDF/MemorEDF.srcs/constrs_1/new/design_2_wrapper.xdc:49]
WARNING: [Vivado 12-507] No nets matched 'design_2_i/MemorEDF_0/m00_axi_wdata[11]'. [/home/ro0zkhosh/SchIM/MemorEDF/rtl/MemorEDF/MemorEDF.srcs/constrs_1/new/design_2_wrapper.xdc:50]
WARNING: [Vivado 12-507] No nets matched 'design_2_i/MemorEDF_0/m00_axi_wdata[2]'. [/home/ro0zkhosh/SchIM/MemorEDF/rtl/MemorEDF/MemorEDF.srcs/constrs_1/new/design_2_wrapper.xdc:51]
WARNING: [Vivado 12-507] No nets matched 'design_2_i/MemorEDF_0/m00_axi_rid[14]'. [/home/ro0zkhosh/SchIM/MemorEDF/rtl/MemorEDF/MemorEDF.srcs/constrs_1/new/design_2_wrapper.xdc:52]
WARNING: [Vivado 12-507] No nets matched 'design_2_i/MemorEDF_0/m00_axi_rid[7]'. [/home/ro0zkhosh/SchIM/MemorEDF/rtl/MemorEDF/MemorEDF.srcs/constrs_1/new/design_2_wrapper.xdc:53]
WARNING: [Vivado 12-507] No nets matched 'design_2_i/MemorEDF_0/m00_axi_rid[5]'. [/home/ro0zkhosh/SchIM/MemorEDF/rtl/MemorEDF/MemorEDF.srcs/constrs_1/new/design_2_wrapper.xdc:54]
WARNING: [Vivado 12-507] No nets matched 'design_2_i/MemorEDF_0/m00_axi_rdata[127]'. [/home/ro0zkhosh/SchIM/MemorEDF/rtl/MemorEDF/MemorEDF.srcs/constrs_1/new/design_2_wrapper.xdc:55]
WARNING: [Vivado 12-507] No nets matched 'design_2_i/MemorEDF_0/m00_axi_wdata[86]'. [/home/ro0zkhosh/SchIM/MemorEDF/rtl/MemorEDF/MemorEDF.srcs/constrs_1/new/design_2_wrapper.xdc:56]
WARNING: [Vivado 12-507] No nets matched 'design_2_i/MemorEDF_0/m00_axi_wdata[44]'. [/home/ro0zkhosh/SchIM/MemorEDF/rtl/MemorEDF/MemorEDF.srcs/constrs_1/new/design_2_wrapper.xdc:57]
WARNING: [Vivado 12-507] No nets matched 'design_2_i/MemorEDF_0/m00_axi_wdata[76]'. [/home/ro0zkhosh/SchIM/MemorEDF/rtl/MemorEDF/MemorEDF.srcs/constrs_1/new/design_2_wrapper.xdc:58]
WARNING: [Vivado 12-507] No nets matched 'design_2_i/MemorEDF_0/m00_axi_wdata[82]'. [/home/ro0zkhosh/SchIM/MemorEDF/rtl/MemorEDF/MemorEDF.srcs/constrs_1/new/design_2_wrapper.xdc:59]
WARNING: [Vivado 12-507] No nets matched 'design_2_i/MemorEDF_0/m00_axi_rdata[31]'. [/home/ro0zkhosh/SchIM/MemorEDF/rtl/MemorEDF/MemorEDF.srcs/constrs_1/new/design_2_wrapper.xdc:60]
WARNING: [Vivado 12-507] No nets matched 'design_2_i/MemorEDF_0/m00_axi_rdata[34]'. [/home/ro0zkhosh/SchIM/MemorEDF/rtl/MemorEDF/MemorEDF.srcs/constrs_1/new/design_2_wrapper.xdc:61]
WARNING: [Vivado 12-507] No nets matched 'design_2_i/MemorEDF_0/m00_axi_rdata[49]'. [/home/ro0zkhosh/SchIM/MemorEDF/rtl/MemorEDF/MemorEDF.srcs/constrs_1/new/design_2_wrapper.xdc:62]
WARNING: [Vivado 12-507] No nets matched 'design_2_i/MemorEDF_0/m00_axi_rdata[43]'. [/home/ro0zkhosh/SchIM/MemorEDF/rtl/MemorEDF/MemorEDF.srcs/constrs_1/new/design_2_wrapper.xdc:63]
WARNING: [Vivado 12-507] No nets matched 'design_2_i/MemorEDF_0/m00_axi_rdata[61]'. [/home/ro0zkhosh/SchIM/MemorEDF/rtl/MemorEDF/MemorEDF.srcs/constrs_1/new/design_2_wrapper.xdc:64]
WARNING: [Vivado 12-507] No nets matched 'design_2_i/MemorEDF_0/m00_axi_rdata[55]'. [/home/ro0zkhosh/SchIM/MemorEDF/rtl/MemorEDF/MemorEDF.srcs/constrs_1/new/design_2_wrapper.xdc:65]
WARNING: [Vivado 12-507] No nets matched 'design_2_i/MemorEDF_0/m00_axi_rdata[58]'. [/home/ro0zkhosh/SchIM/MemorEDF/rtl/MemorEDF/MemorEDF.srcs/constrs_1/new/design_2_wrapper.xdc:66]
WARNING: [Vivado 12-507] No nets matched 'design_2_i/MemorEDF_0/m00_axi_rdata[13]'. [/home/ro0zkhosh/SchIM/MemorEDF/rtl/MemorEDF/MemorEDF.srcs/constrs_1/new/design_2_wrapper.xdc:67]
WARNING: [Vivado 12-507] No nets matched 'design_2_i/MemorEDF_0/m00_axi_rdata[9]'. [/home/ro0zkhosh/SchIM/MemorEDF/rtl/MemorEDF/MemorEDF.srcs/constrs_1/new/design_2_wrapper.xdc:68]
WARNING: [Vivado 12-507] No nets matched 'design_2_i/MemorEDF_0/m00_axi_rdata[25]'. [/home/ro0zkhosh/SchIM/MemorEDF/rtl/MemorEDF/MemorEDF.srcs/constrs_1/new/design_2_wrapper.xdc:69]
WARNING: [Vivado 12-507] No nets matched 'design_2_i/MemorEDF_0/m00_axi_rdata[19]'. [/home/ro0zkhosh/SchIM/MemorEDF/rtl/MemorEDF/MemorEDF.srcs/constrs_1/new/design_2_wrapper.xdc:70]
WARNING: [Vivado 12-507] No nets matched 'design_2_i/MemorEDF_0/m00_axi_rdata[22]'. [/home/ro0zkhosh/SchIM/MemorEDF/rtl/MemorEDF/MemorEDF.srcs/constrs_1/new/design_2_wrapper.xdc:71]
WARNING: [Vivado 12-507] No nets matched 'design_2_i/MemorEDF_0/m00_axi_awid[14]'. [/home/ro0zkhosh/SchIM/MemorEDF/rtl/MemorEDF/MemorEDF.srcs/constrs_1/new/design_2_wrapper.xdc:72]
WARNING: [Vivado 12-507] No nets matched 'design_2_i/MemorEDF_0/m00_axi_awid[11]'. [/home/ro0zkhosh/SchIM/MemorEDF/rtl/MemorEDF/MemorEDF.srcs/constrs_1/new/design_2_wrapper.xdc:73]
WARNING: [Vivado 12-507] No nets matched 'design_2_i/MemorEDF_0/m00_axi_awlen[4]'. [/home/ro0zkhosh/SchIM/MemorEDF/rtl/MemorEDF/MemorEDF.srcs/constrs_1/new/design_2_wrapper.xdc:74]
WARNING: [Vivado 12-507] No nets matched 'design_2_i/MemorEDF_0/m00_axi_bvalid'. [/home/ro0zkhosh/SchIM/MemorEDF/rtl/MemorEDF/MemorEDF.srcs/constrs_1/new/design_2_wrapper.xdc:75]
WARNING: [Vivado 12-507] No nets matched 'design_2_i/MemorEDF_0/m00_axi_awaddr[5]'. [/home/ro0zkhosh/SchIM/MemorEDF/rtl/MemorEDF/MemorEDF.srcs/constrs_1/new/design_2_wrapper.xdc:76]
WARNING: [Vivado 12-507] No nets matched 'design_2_i/MemorEDF_0/m00_axi_awaddr[2]'. [/home/ro0zkhosh/SchIM/MemorEDF/rtl/MemorEDF/MemorEDF.srcs/constrs_1/new/design_2_wrapper.xdc:77]
WARNING: [Vivado 12-507] No nets matched 'design_2_i/MemorEDF_0/m00_axi_awaddr[11]'. [/home/ro0zkhosh/SchIM/MemorEDF/rtl/MemorEDF/MemorEDF.srcs/constrs_1/new/design_2_wrapper.xdc:78]
WARNING: [Vivado 12-507] No nets matched 'design_2_i/MemorEDF_0/m00_axi_rid[6]'. [/home/ro0zkhosh/SchIM/MemorEDF/rtl/MemorEDF/MemorEDF.srcs/constrs_1/new/design_2_wrapper.xdc:79]
WARNING: [Vivado 12-507] No nets matched 'design_2_i/MemorEDF_0/m00_axi_wdata[104]'. [/home/ro0zkhosh/SchIM/MemorEDF/rtl/MemorEDF/MemorEDF.srcs/constrs_1/new/design_2_wrapper.xdc:80]
WARNING: [Vivado 12-507] No nets matched 'design_2_i/MemorEDF_0/m00_axi_wdata[67]'. [/home/ro0zkhosh/SchIM/MemorEDF/rtl/MemorEDF/MemorEDF.srcs/constrs_1/new/design_2_wrapper.xdc:81]
WARNING: [Vivado 12-507] No nets matched 'design_2_i/MemorEDF_0/m00_axi_wdata[70]'. [/home/ro0zkhosh/SchIM/MemorEDF/rtl/MemorEDF/MemorEDF.srcs/constrs_1/new/design_2_wrapper.xdc:82]
WARNING: [Vivado 12-507] No nets matched 'design_2_i/MemorEDF_0/m00_axi_wdata[64]'. [/home/ro0zkhosh/SchIM/MemorEDF/rtl/MemorEDF/MemorEDF.srcs/constrs_1/new/design_2_wrapper.xdc:83]
WARNING: [Vivado 12-507] No nets matched 'design_2_i/MemorEDF_0/m00_axi_rdata[39]'. [/home/ro0zkhosh/SchIM/MemorEDF/rtl/MemorEDF/MemorEDF.srcs/constrs_1/new/design_2_wrapper.xdc:84]
WARNING: [Vivado 12-507] No nets matched 'design_2_i/MemorEDF_0/m00_axi_awuser[6]'. [/home/ro0zkhosh/SchIM/MemorEDF/rtl/MemorEDF/MemorEDF.srcs/constrs_1/new/design_2_wrapper.xdc:85]
WARNING: [Vivado 12-507] No nets matched 'design_2_i/MemorEDF_0/m00_axi_rdata[12]'. [/home/ro0zkhosh/SchIM/MemorEDF/rtl/MemorEDF/MemorEDF.srcs/constrs_1/new/design_2_wrapper.xdc:86]
WARNING: [Vivado 12-507] No nets matched 'design_2_i/MemorEDF_0/m00_axi_wdata[97]'. [/home/ro0zkhosh/SchIM/MemorEDF/rtl/MemorEDF/MemorEDF.srcs/constrs_1/new/design_2_wrapper.xdc:87]
WARNING: [Vivado 12-507] No nets matched 'design_2_i/MemorEDF_0/m00_axi_rdata[71]'. [/home/ro0zkhosh/SchIM/MemorEDF/rtl/MemorEDF/MemorEDF.srcs/constrs_1/new/design_2_wrapper.xdc:88]
WARNING: [Vivado 12-507] No nets matched 'design_2_i/MemorEDF_0/m00_axi_rdata[62]'. [/home/ro0zkhosh/SchIM/MemorEDF/rtl/MemorEDF/MemorEDF.srcs/constrs_1/new/design_2_wrapper.xdc:89]
WARNING: [Vivado 12-507] No nets matched 'design_2_i/MemorEDF_0/m00_axi_rdata[65]'. [/home/ro0zkhosh/SchIM/MemorEDF/rtl/MemorEDF/MemorEDF.srcs/constrs_1/new/design_2_wrapper.xdc:90]
WARNING: [Vivado 12-507] No nets matched 'design_2_i/MemorEDF_0/m00_axi_rdata[53]'. [/home/ro0zkhosh/SchIM/MemorEDF/rtl/MemorEDF/MemorEDF.srcs/constrs_1/new/design_2_wrapper.xdc:91]
WARNING: [Vivado 12-507] No nets matched 'design_2_i/MemorEDF_0/m00_axi_rdata[56]'. [/home/ro0zkhosh/SchIM/MemorEDF/rtl/MemorEDF/MemorEDF.srcs/constrs_1/new/design_2_wrapper.xdc:92]
WARNING: [Vivado 12-507] No nets matched 'design_2_i/MemorEDF_0/m00_axi_awaddr[37]'. [/home/ro0zkhosh/SchIM/MemorEDF/rtl/MemorEDF/MemorEDF.srcs/constrs_1/new/design_2_wrapper.xdc:93]
WARNING: [Vivado 12-507] No nets matched 'design_2_i/MemorEDF_0/m00_axi_rid[15]'. [/home/ro0zkhosh/SchIM/MemorEDF/rtl/MemorEDF/MemorEDF.srcs/constrs_1/new/design_2_wrapper.xdc:94]
WARNING: [Vivado 12-507] No nets matched 'design_2_i/MemorEDF_0/m00_axi_rvalid'. [/home/ro0zkhosh/SchIM/MemorEDF/rtl/MemorEDF/MemorEDF.srcs/constrs_1/new/design_2_wrapper.xdc:95]
WARNING: [Vivado 12-507] No nets matched 'design_2_i/MemorEDF_0/m00_axi_awaddr[4]'. [/home/ro0zkhosh/SchIM/MemorEDF/rtl/MemorEDF/MemorEDF.srcs/constrs_1/new/design_2_wrapper.xdc:96]
WARNING: [Vivado 12-507] No nets matched 'design_2_i/MemorEDF_0/m00_axi_wdata[117]'. [/home/ro0zkhosh/SchIM/MemorEDF/rtl/MemorEDF/MemorEDF.srcs/constrs_1/new/design_2_wrapper.xdc:97]
WARNING: [Vivado 12-507] No nets matched 'design_2_i/MemorEDF_0/m00_axi_wdata[18]'. [/home/ro0zkhosh/SchIM/MemorEDF/rtl/MemorEDF/MemorEDF.srcs/constrs_1/new/design_2_wrapper.xdc:98]
WARNING: [Vivado 12-507] No nets matched 'design_2_i/MemorEDF_0/m00_axi_rdata[28]'. [/home/ro0zkhosh/SchIM/MemorEDF/rtl/MemorEDF/MemorEDF.srcs/constrs_1/new/design_2_wrapper.xdc:99]
WARNING: [Vivado 12-507] No nets matched 'design_2_i/MemorEDF_0/m00_axi_wdata[74]'. [/home/ro0zkhosh/SchIM/MemorEDF/rtl/MemorEDF/MemorEDF.srcs/constrs_1/new/design_2_wrapper.xdc:100]
WARNING: [Vivado 12-507] No nets matched 'design_2_i/MemorEDF_0/m00_axi_rdata[44]'. [/home/ro0zkhosh/SchIM/MemorEDF/rtl/MemorEDF/MemorEDF.srcs/constrs_1/new/design_2_wrapper.xdc:101]
WARNING: [Vivado 12-507] No nets matched 'design_2_i/MemorEDF_0/m00_axi_rdata[6]'. [/home/ro0zkhosh/SchIM/MemorEDF/rtl/MemorEDF/MemorEDF.srcs/constrs_1/new/design_2_wrapper.xdc:102]
WARNING: [Vivado 12-507] No nets matched 'design_2_i/MemorEDF_0/m00_axi_wdata[83]'. [/home/ro0zkhosh/SchIM/MemorEDF/rtl/MemorEDF/MemorEDF.srcs/constrs_1/new/design_2_wrapper.xdc:103]
WARNING: [Vivado 12-507] No nets matched 'design_2_i/MemorEDF_0/m00_axi_rdata[47]'. [/home/ro0zkhosh/SchIM/MemorEDF/rtl/MemorEDF/MemorEDF.srcs/constrs_1/new/design_2_wrapper.xdc:104]
WARNING: [Vivado 12-507] No nets matched 'design_2_i/MemorEDF_0/m00_axi_bid[12]'. [/home/ro0zkhosh/SchIM/MemorEDF/rtl/MemorEDF/MemorEDF.srcs/constrs_1/new/design_2_wrapper.xdc:105]
WARNING: [Vivado 12-507] No nets matched 'design_2_i/MemorEDF_0/m00_axi_awaddr[10]'. [/home/ro0zkhosh/SchIM/MemorEDF/rtl/MemorEDF/MemorEDF.srcs/constrs_1/new/design_2_wrapper.xdc:106]
WARNING: [Vivado 12-507] No nets matched 'design_2_i/MemorEDF_0/m00_axi_rdata[98]'. [/home/ro0zkhosh/SchIM/MemorEDF/rtl/MemorEDF/MemorEDF.srcs/constrs_1/new/design_2_wrapper.xdc:107]
WARNING: [Vivado 12-507] No nets matched 'design_2_i/MemorEDF_0/m00_axi_awlen[1]'. [/home/ro0zkhosh/SchIM/MemorEDF/rtl/MemorEDF/MemorEDF.srcs/constrs_1/new/design_2_wrapper.xdc:108]
WARNING: [Vivado 12-507] No nets matched 'design_2_i/MemorEDF_0/m00_axi_wdata[108]'. [/home/ro0zkhosh/SchIM/MemorEDF/rtl/MemorEDF/MemorEDF.srcs/constrs_1/new/design_2_wrapper.xdc:109]
WARNING: [Vivado 12-507] No nets matched 'design_2_i/MemorEDF_0/m00_axi_rdata[32]'. [/home/ro0zkhosh/SchIM/MemorEDF/rtl/MemorEDF/MemorEDF.srcs/constrs_1/new/design_2_wrapper.xdc:110]
WARNING: [Vivado 12-507] No nets matched 'design_2_i/MemorEDF_0/m00_axi_wdata[50]'. [/home/ro0zkhosh/SchIM/MemorEDF/rtl/MemorEDF/MemorEDF.srcs/constrs_1/new/design_2_wrapper.xdc:111]
WARNING: [Vivado 12-507] No nets matched 'design_2_i/MemorEDF_0/m00_axi_rdata[113]'. [/home/ro0zkhosh/SchIM/MemorEDF/rtl/MemorEDF/MemorEDF.srcs/constrs_1/new/design_2_wrapper.xdc:112]
WARNING: [Vivado 12-507] No nets matched 'design_2_i/MemorEDF_0/m00_axi_wdata[80]'. [/home/ro0zkhosh/SchIM/MemorEDF/rtl/MemorEDF/MemorEDF.srcs/constrs_1/new/design_2_wrapper.xdc:113]
WARNING: [Vivado 12-507] No nets matched 'design_2_i/MemorEDF_0/m00_axi_awuser[8]'. [/home/ro0zkhosh/SchIM/MemorEDF/rtl/MemorEDF/MemorEDF.srcs/constrs_1/new/design_2_wrapper.xdc:114]
WARNING: [Vivado 12-507] No nets matched 'design_2_i/MemorEDF_0/m00_axi_bid[9]'. [/home/ro0zkhosh/SchIM/MemorEDF/rtl/MemorEDF/MemorEDF.srcs/constrs_1/new/design_2_wrapper.xdc:115]
WARNING: [Vivado 12-507] No nets matched 'design_2_i/MemorEDF_0/m00_axi_rdata[51]'. [/home/ro0zkhosh/SchIM/MemorEDF/rtl/MemorEDF/MemorEDF.srcs/constrs_1/new/design_2_wrapper.xdc:116]
WARNING: [Vivado 12-507] No nets matched 'design_2_i/MemorEDF_0/m00_axi_rid[12]'. [/home/ro0zkhosh/SchIM/MemorEDF/rtl/MemorEDF/MemorEDF.srcs/constrs_1/new/design_2_wrapper.xdc:117]
WARNING: [Vivado 12-507] No nets matched 'design_2_i/MemorEDF_0/m00_axi_rdata[116]'. [/home/ro0zkhosh/SchIM/MemorEDF/rtl/MemorEDF/MemorEDF.srcs/constrs_1/new/design_2_wrapper.xdc:118]
WARNING: [Vivado 12-507] No nets matched 'design_2_i/MemorEDF_0/m00_axi_rdata[125]'. [/home/ro0zkhosh/SchIM/MemorEDF/rtl/MemorEDF/MemorEDF.srcs/constrs_1/new/design_2_wrapper.xdc:119]
WARNING: [Vivado 12-507] No nets matched 'design_2_i/MemorEDF_0/m00_axi_rdata[37]'. [/home/ro0zkhosh/SchIM/MemorEDF/rtl/MemorEDF/MemorEDF.srcs/constrs_1/new/design_2_wrapper.xdc:120]
WARNING: [Vivado 12-507] No nets matched 'design_2_i/MemorEDF_0/m00_axi_wdata[101]'. [/home/ro0zkhosh/SchIM/MemorEDF/rtl/MemorEDF/MemorEDF.srcs/constrs_1/new/design_2_wrapper.xdc:121]
WARNING: [Vivado 12-507] No nets matched 'design_2_i/MemorEDF_0/m00_axi_bid[1]'. [/home/ro0zkhosh/SchIM/MemorEDF/rtl/MemorEDF/MemorEDF.srcs/constrs_1/new/design_2_wrapper.xdc:122]
INFO: [Common 17-14] Message 'Vivado 12-507' appears 100 times and further instances of the messages will be disabled. Use the Tcl command set_msg_config to change the current settings. [/home/ro0zkhosh/SchIM/MemorEDF/rtl/MemorEDF/MemorEDF.srcs/constrs_1/new/design_2_wrapper.xdc:122]
Finished Parsing XDC File [/home/ro0zkhosh/SchIM/MemorEDF/rtl/MemorEDF/MemorEDF.srcs/constrs_1/new/design_2_wrapper.xdc]
WARNING: [Project 1-498] One or more constraints failed evaluation while reading constraint file [/home/ro0zkhosh/SchIM/MemorEDF/rtl/MemorEDF/MemorEDF.srcs/constrs_1/new/design_2_wrapper.xdc] and the design contains unresolved black boxes. These constraints will be read post-synthesis (as long as their source constraint file is marked as used_in_implementation) and should be applied correctly then. You should review the constraints listed in the file [.Xil/design_3_wrapper_propImpl.xdc] and check the run log file to verify that these constraints were correctly applied.
INFO: [Project 1-236] Implementation specific constraints were found while reading constraint file [/home/ro0zkhosh/SchIM/MemorEDF/rtl/MemorEDF/MemorEDF.srcs/constrs_1/new/design_2_wrapper.xdc]. These constraints will be ignored for synthesis but will be used in implementation. Impacted constraints are listed in the file [.Xil/design_3_wrapper_propImpl.xdc].
Resolution: To avoid this warning, move constraints listed in [.Xil/design_3_wrapper_propImpl.xdc] to another XDC file and exclude this new file from synthesis with the used_in_synthesis property (File Properties dialog in GUI) and re-run elaboration/synthesis.
Parsing XDC File [/home/ro0zkhosh/SchIM/MemorEDF/rtl/MemorEDF/MemorEDF.runs/synth_1/dont_touch.xdc]
Finished Parsing XDC File [/home/ro0zkhosh/SchIM/MemorEDF/rtl/MemorEDF/MemorEDF.runs/synth_1/dont_touch.xdc]
Completed Processing XDC Constraints

INFO: [Project 1-111] Unisim Transformation Summary:
No Unisim elements were transformed.

Constraint Validation Runtime : Time (s): cpu = 00:00:00.01 ; elapsed = 00:00:00.01 . Memory (MB): peak = 2199.605 ; gain = 0.000 ; free physical = 73146 ; free virtual = 85250
---------------------------------------------------------------------------------
Finished Constraint Validation : Time (s): cpu = 00:00:26 ; elapsed = 00:00:35 . Memory (MB): peak = 2199.605 ; gain = 647.402 ; free physical = 73193 ; free virtual = 85301
---------------------------------------------------------------------------------
---------------------------------------------------------------------------------
Start Loading Part and Timing Information
---------------------------------------------------------------------------------
Loading part: xczu9eg-ffvb1156-2-e
---------------------------------------------------------------------------------
Finished Loading Part and Timing Information : Time (s): cpu = 00:00:26 ; elapsed = 00:00:35 . Memory (MB): peak = 2199.605 ; gain = 647.402 ; free physical = 73194 ; free virtual = 85302
---------------------------------------------------------------------------------
---------------------------------------------------------------------------------
Start Applying 'set_property' XDC Constraints
---------------------------------------------------------------------------------
Applied set_property DONT_TOUCH = true for design_3_i. (constraint file  auto generated constraint, line ).
Applied set_property DONT_TOUCH = true for design_3_i/AXI_PerfectTranslator_0. (constraint file  auto generated constraint, line ).
Applied set_property DONT_TOUCH = true for design_3_i/porttoportmapping_v1_0_0. (constraint file  auto generated constraint, line ).
Applied set_property DONT_TOUCH = true for design_3_i/rst_ps8_0_99M. (constraint file  auto generated constraint, line ).
Applied set_property DONT_TOUCH = true for design_3_i/system_ila_0. (constraint file  auto generated constraint, line ).
Applied set_property DONT_TOUCH = true for design_3_i/zynq_ultra_ps_e_0. (constraint file  auto generated constraint, line ).
---------------------------------------------------------------------------------
Finished applying 'set_property' XDC Constraints : Time (s): cpu = 00:00:26 ; elapsed = 00:00:35 . Memory (MB): peak = 2199.605 ; gain = 647.402 ; free physical = 73196 ; free virtual = 85304
---------------------------------------------------------------------------------
WARNING: [Synth 8-115] binding instance 'design_3_i' in module 'design_3_wrapper' to reference 'design_3' which has no pins
---------------------------------------------------------------------------------
Finished RTL Optimization Phase 2 : Time (s): cpu = 00:00:26 ; elapsed = 00:00:35 . Memory (MB): peak = 2199.605 ; gain = 647.402 ; free physical = 73197 ; free virtual = 85305
---------------------------------------------------------------------------------

Report RTL Partitions: 
+-+--------------+------------+----------+
| |RTL Partition |Replication |Instances |
+-+--------------+------------+----------+
+-+--------------+------------+----------+
---------------------------------------------------------------------------------
Start RTL Component Statistics 
---------------------------------------------------------------------------------
Detailed RTL Component Info : 
---------------------------------------------------------------------------------
Finished RTL Component Statistics 
---------------------------------------------------------------------------------
---------------------------------------------------------------------------------
Start RTL Hierarchical Component Statistics 
---------------------------------------------------------------------------------
Hierarchical RTL Component report 
---------------------------------------------------------------------------------
Finished RTL Hierarchical Component Statistics
---------------------------------------------------------------------------------
---------------------------------------------------------------------------------
Start Part Resource Summary
---------------------------------------------------------------------------------
Part Resources:
DSPs: 2520 (col length:168)
BRAMs: 1824 (col length: RAMB18 168 RAMB36 84)
---------------------------------------------------------------------------------
Finished Part Resource Summary
---------------------------------------------------------------------------------
---------------------------------------------------------------------------------
Start Cross Boundary and Area Optimization
---------------------------------------------------------------------------------
---------------------------------------------------------------------------------
Finished Cross Boundary and Area Optimization : Time (s): cpu = 00:00:27 ; elapsed = 00:00:36 . Memory (MB): peak = 2199.605 ; gain = 647.402 ; free physical = 73189 ; free virtual = 85301
---------------------------------------------------------------------------------

Report RTL Partitions: 
+-+--------------+------------+----------+
| |RTL Partition |Replication |Instances |
+-+--------------+------------+----------+
+-+--------------+------------+----------+
---------------------------------------------------------------------------------
Start Applying XDC Timing Constraints
---------------------------------------------------------------------------------
INFO: [Synth 8-5578] Moved timing constraint from pin 'design_3_i/zynq_ultra_ps_e_0/pl_clk0' to pin 'design_3_i/zynq_ultra_ps_e_0/bbstub_pl_clk0/O'
INFO: [Synth 8-5819] Moved 1 constraints on hierarchical pins to their respective driving/loading pins
---------------------------------------------------------------------------------
Finished Applying XDC Timing Constraints : Time (s): cpu = 00:00:42 ; elapsed = 00:01:07 . Memory (MB): peak = 2874.512 ; gain = 1322.309 ; free physical = 72439 ; free virtual = 84543
---------------------------------------------------------------------------------
---------------------------------------------------------------------------------
Start Timing Optimization
---------------------------------------------------------------------------------
---------------------------------------------------------------------------------
Finished Timing Optimization : Time (s): cpu = 00:00:42 ; elapsed = 00:01:07 . Memory (MB): peak = 2874.512 ; gain = 1322.309 ; free physical = 72439 ; free virtual = 84542
---------------------------------------------------------------------------------

Report RTL Partitions: 
+-+--------------+------------+----------+
| |RTL Partition |Replication |Instances |
+-+--------------+------------+----------+
+-+--------------+------------+----------+
---------------------------------------------------------------------------------
Start Technology Mapping
---------------------------------------------------------------------------------
---------------------------------------------------------------------------------
Finished Technology Mapping : Time (s): cpu = 00:00:42 ; elapsed = 00:01:08 . Memory (MB): peak = 2887.527 ; gain = 1335.324 ; free physical = 72436 ; free virtual = 84539
---------------------------------------------------------------------------------

Report RTL Partitions: 
+-+--------------+------------+----------+
| |RTL Partition |Replication |Instances |
+-+--------------+------------+----------+
+-+--------------+------------+----------+
---------------------------------------------------------------------------------
Start IO Insertion
---------------------------------------------------------------------------------
---------------------------------------------------------------------------------
Start Flattening Before IO Insertion
---------------------------------------------------------------------------------
---------------------------------------------------------------------------------
Finished Flattening Before IO Insertion
---------------------------------------------------------------------------------
---------------------------------------------------------------------------------
Start Final Netlist Cleanup
---------------------------------------------------------------------------------
---------------------------------------------------------------------------------
Finished Final Netlist Cleanup
---------------------------------------------------------------------------------
---------------------------------------------------------------------------------
Finished IO Insertion : Time (s): cpu = 00:00:43 ; elapsed = 00:01:08 . Memory (MB): peak = 2887.527 ; gain = 1335.324 ; free physical = 72441 ; free virtual = 84545
---------------------------------------------------------------------------------

Report Check Netlist: 
+------+------------------+-------+---------+-------+------------------+
|      |Item              |Errors |Warnings |Status |Description       |
+------+------------------+-------+---------+-------+------------------+
|1     |multi_driven_nets |      0|        0|Passed |Multi driven nets |
+------+------------------+-------+---------+-------+------------------+
---------------------------------------------------------------------------------
Start Renaming Generated Instances
---------------------------------------------------------------------------------
---------------------------------------------------------------------------------
Finished Renaming Generated Instances : Time (s): cpu = 00:00:43 ; elapsed = 00:01:08 . Memory (MB): peak = 2887.527 ; gain = 1335.324 ; free physical = 72441 ; free virtual = 84545
---------------------------------------------------------------------------------

Report RTL Partitions: 
+-+--------------+------------+----------+
| |RTL Partition |Replication |Instances |
+-+--------------+------------+----------+
+-+--------------+------------+----------+
---------------------------------------------------------------------------------
Start Rebuilding User Hierarchy
---------------------------------------------------------------------------------
---------------------------------------------------------------------------------
Finished Rebuilding User Hierarchy : Time (s): cpu = 00:00:43 ; elapsed = 00:01:08 . Memory (MB): peak = 2887.527 ; gain = 1335.324 ; free physical = 72441 ; free virtual = 84545
---------------------------------------------------------------------------------
---------------------------------------------------------------------------------
Start Renaming Generated Ports
---------------------------------------------------------------------------------
---------------------------------------------------------------------------------
Finished Renaming Generated Ports : Time (s): cpu = 00:00:43 ; elapsed = 00:01:08 . Memory (MB): peak = 2887.527 ; gain = 1335.324 ; free physical = 72441 ; free virtual = 84545
---------------------------------------------------------------------------------
---------------------------------------------------------------------------------
Start Handling Custom Attributes
---------------------------------------------------------------------------------
---------------------------------------------------------------------------------
Finished Handling Custom Attributes : Time (s): cpu = 00:00:43 ; elapsed = 00:01:08 . Memory (MB): peak = 2887.527 ; gain = 1335.324 ; free physical = 72441 ; free virtual = 84545
---------------------------------------------------------------------------------
---------------------------------------------------------------------------------
Start Renaming Generated Nets
---------------------------------------------------------------------------------
---------------------------------------------------------------------------------
Finished Renaming Generated Nets : Time (s): cpu = 00:00:43 ; elapsed = 00:01:08 . Memory (MB): peak = 2887.527 ; gain = 1335.324 ; free physical = 72441 ; free virtual = 84545
---------------------------------------------------------------------------------
---------------------------------------------------------------------------------
Start Writing Synthesis Report
---------------------------------------------------------------------------------

Report BlackBoxes: 
+------+------------------------------------+----------+
|      |BlackBox name                       |Instances |
+------+------------------------------------+----------+
|1     |design_3_AXI_PerfectTranslator_0_0  |         1|
|2     |design_3_porttoportmapping_v1_0_0_0 |         1|
|3     |design_3_rst_ps8_0_99M_0            |         1|
|4     |design_3_system_ila_0_0             |         1|
|5     |design_3_zynq_ultra_ps_e_0_0        |         1|
+------+------------------------------------+----------+

Report Cell Usage: 
+------+------------------------------------+------+
|      |Cell                                |Count |
+------+------------------------------------+------+
|1     |design_3_AXI_PerfectTranslator_0_0  |     1|
|2     |design_3_porttoportmapping_v1_0_0_0 |     1|
|3     |design_3_rst_ps8_0_99M_0            |     1|
|4     |design_3_system_ila_0_0             |     1|
|5     |design_3_zynq_ultra_ps_e_0_0        |     1|
+------+------------------------------------+------+

Report Instance Areas: 
+------+-------------+---------+------+
|      |Instance     |Module   |Cells |
+------+-------------+---------+------+
|1     |top          |         |  1467|
|2     |  design_3_i |design_3 |  1467|
+------+-------------+---------+------+
---------------------------------------------------------------------------------
Finished Writing Synthesis Report : Time (s): cpu = 00:00:43 ; elapsed = 00:01:08 . Memory (MB): peak = 2887.527 ; gain = 1335.324 ; free physical = 72441 ; free virtual = 84545
---------------------------------------------------------------------------------
Synthesis finished with 0 errors, 0 critical warnings and 1 warnings.
Synthesis Optimization Runtime : Time (s): cpu = 00:00:30 ; elapsed = 00:00:48 . Memory (MB): peak = 2887.527 ; gain = 687.922 ; free physical = 72480 ; free virtual = 84584
Synthesis Optimization Complete : Time (s): cpu = 00:00:43 ; elapsed = 00:01:08 . Memory (MB): peak = 2887.535 ; gain = 1335.324 ; free physical = 72480 ; free virtual = 84584
INFO: [Project 1-571] Translating synthesized netlist
INFO: [Project 1-570] Preparing netlist for logic optimization
INFO: [Opt 31-138] Pushed 0 inverter(s) to 0 load pin(s).
INFO: [Project 1-111] Unisim Transformation Summary:
No Unisim elements were transformed.

INFO: [Common 17-83] Releasing license: Synthesis
35 Infos, 105 Warnings, 0 Critical Warnings and 0 Errors encountered.
synth_design completed successfully
synth_design: Time (s): cpu = 00:00:45 ; elapsed = 00:01:10 . Memory (MB): peak = 2921.207 ; gain = 1390.383 ; free physical = 72453 ; free virtual = 84556
INFO: [Common 17-1381] The checkpoint '/home/ro0zkhosh/SchIM/MemorEDF/rtl/MemorEDF/MemorEDF.runs/synth_1/design_3_wrapper.dcp' has been generated.
INFO: [runtcl-4] Executing : report_utilization -file design_3_wrapper_utilization_synth.rpt -pb design_3_wrapper_utilization_synth.pb
report_utilization: Time (s): cpu = 00:00:00.21 ; elapsed = 00:00:00.30 . Memory (MB): peak = 2921.207 ; gain = 0.000 ; free physical = 72456 ; free virtual = 84559
INFO: [Common 17-206] Exiting Vivado at Fri Feb 19 19:00:34 2021...
