Copyright 1986-2017 Xilinx, Inc. All Rights Reserved.
-----------------------------------------------------------------------------------------------------------------------------
| Tool Version : Vivado v.2017.4 (lin64) Build 2086221 Fri Dec 15 20:54:30 MST 2017
| Date         : Fri Feb 26 10:38:06 2021
| Host         : buflightdev running 64-bit Ubuntu 16.04.7 LTS
| Command      : report_utilization -file design_5_wrapper_utilization_placed.rpt -pb design_5_wrapper_utilization_placed.pb
| Design       : design_5_wrapper
| Device       : xczu9egffvb1156-2
| Design State : Fully Placed
-----------------------------------------------------------------------------------------------------------------------------

Utilization Design Information

Table of Contents
-----------------
1. CLB Logic
1.1 Summary of Registers by Type
2. CLB Logic Distribution
3. BLOCKRAM
4. ARITHMETIC
5. I/O
6. CLOCK
7. ADVANCED
8. CONFIGURATION
9. Primitives
10. Black Boxes
11. Instantiated Netlists

1. CLB Logic
------------

+----------------------------+-------+-------+-----------+-------+
|          Site Type         |  Used | Fixed | Available | Util% |
+----------------------------+-------+-------+-----------+-------+
| CLB LUTs                   | 17336 |     0 |    274080 |  6.33 |
|   LUT as Logic             | 12533 |     0 |    274080 |  4.57 |
|   LUT as Memory            |  4803 |     0 |    144000 |  3.34 |
|     LUT as Distributed RAM |   908 |     0 |           |       |
|     LUT as Shift Register  |  3895 |     0 |           |       |
| CLB Registers              | 27349 |     0 |    548160 |  4.99 |
|   Register as Flip Flop    | 27349 |     0 |    548160 |  4.99 |
|   Register as Latch        |     0 |     0 |    548160 |  0.00 |
| CARRY8                     |   328 |     0 |     34260 |  0.96 |
| F7 Muxes                   |   667 |     0 |    137040 |  0.49 |
| F8 Muxes                   |   289 |     0 |     68520 |  0.42 |
| F9 Muxes                   |     0 |     0 |     34260 |  0.00 |
+----------------------------+-------+-------+-----------+-------+


1.1 Summary of Registers by Type
--------------------------------

+-------+--------------+-------------+--------------+
| Total | Clock Enable | Synchronous | Asynchronous |
+-------+--------------+-------------+--------------+
| 0     |            _ |           - |            - |
| 0     |            _ |           - |          Set |
| 0     |            _ |           - |        Reset |
| 0     |            _ |         Set |            - |
| 0     |            _ |       Reset |            - |
| 0     |          Yes |           - |            - |
| 40    |          Yes |           - |          Set |
| 171   |          Yes |           - |        Reset |
| 274   |          Yes |         Set |            - |
| 26864 |          Yes |       Reset |            - |
+-------+--------------+-------------+--------------+


2. CLB Logic Distribution
-------------------------

+-------------------------------------------+-------+-------+-----------+-------+
|                 Site Type                 |  Used | Fixed | Available | Util% |
+-------------------------------------------+-------+-------+-----------+-------+
| CLB                                       |  4143 |     0 |     34260 | 12.09 |
|   CLBL                                    |  1803 |     0 |           |       |
|   CLBM                                    |  2340 |     0 |           |       |
| LUT as Logic                              | 12533 |     0 |    274080 |  4.57 |
|   using O5 output only                    |   401 |       |           |       |
|   using O6 output only                    | 10097 |       |           |       |
|   using O5 and O6                         |  2035 |       |           |       |
| LUT as Memory                             |  4803 |     0 |    144000 |  3.34 |
|   LUT as Distributed RAM                  |   908 |     0 |           |       |
|     using O5 output only                  |     0 |       |           |       |
|     using O6 output only                  |     4 |       |           |       |
|     using O5 and O6                       |   904 |       |           |       |
|   LUT as Shift Register                   |  3895 |     0 |           |       |
|     using O5 output only                  |     0 |       |           |       |
|     using O6 output only                  |   969 |       |           |       |
|     using O5 and O6                       |  2926 |       |           |       |
| LUT Flip Flop Pairs                       | 10191 |     0 |    274080 |  3.72 |
|   fully used LUT-FF pairs                 |  2330 |       |           |       |
|   LUT-FF pairs with one unused LUT output |  7769 |       |           |       |
|   LUT-FF pairs with one unused Flip Flop  |  5688 |       |           |       |
| Unique Control Sets                       |   845 |       |           |       |
+-------------------------------------------+-------+-------+-----------+-------+
* Note: Review the Control Sets Report for more information regarding control sets.


3. BLOCKRAM
-----------

+-------------------+------+-------+-----------+-------+
|     Site Type     | Used | Fixed | Available | Util% |
+-------------------+------+-------+-----------+-------+
| Block RAM Tile    |   70 |     0 |       912 |  7.68 |
|   RAMB36/FIFO*    |   68 |     0 |       912 |  7.46 |
|     RAMB36E2 only |   68 |       |           |       |
|   RAMB18          |    4 |     0 |      1824 |  0.22 |
|     RAMB18E2 only |    4 |       |           |       |
+-------------------+------+-------+-----------+-------+
* Note: Each Block RAM Tile only has one FIFO logic available and therefore can accommodate only one FIFO36E2 or one FIFO18E2. However, if a FIFO18E2 occupies a Block RAM Tile, that tile can still accommodate a RAMB18E2


4. ARITHMETIC
-------------

+-----------+------+-------+-----------+-------+
| Site Type | Used | Fixed | Available | Util% |
+-----------+------+-------+-----------+-------+
| DSPs      |    0 |     0 |      2520 |  0.00 |
+-----------+------+-------+-----------+-------+


5. I/O
------

+------------------+------+-------+-----------+-------+
|     Site Type    | Used | Fixed | Available | Util% |
+------------------+------+-------+-----------+-------+
| Bonded IOB       |    0 |     0 |       328 |  0.00 |
| HPIOB_M          |    0 |     0 |        96 |  0.00 |
| HPIOB_S          |    0 |     0 |        96 |  0.00 |
| HDIOB_M          |    0 |     0 |        60 |  0.00 |
| HDIOB_S          |    0 |     0 |        60 |  0.00 |
| HPIOB_SNGL       |    0 |     0 |        16 |  0.00 |
| HPIOBDIFFINBUF   |    0 |     0 |        96 |  0.00 |
| HPIOBDIFFOUTBUF  |    0 |     0 |        96 |  0.00 |
| HDIOBDIFFINBUF   |    0 |     0 |        60 |  0.00 |
| BITSLICE_CONTROL |    0 |     0 |        32 |  0.00 |
| BITSLICE_RX_TX   |    0 |     0 |       208 |  0.00 |
| BITSLICE_TX      |    0 |     0 |        32 |  0.00 |
| RIU_OR           |    0 |     0 |        16 |  0.00 |
+------------------+------+-------+-----------+-------+


6. CLOCK
--------

+----------------------+------+-------+-----------+-------+
|       Site Type      | Used | Fixed | Available | Util% |
+----------------------+------+-------+-----------+-------+
| GLOBAL CLOCK BUFFERs |    2 |     0 |       404 |  0.50 |
|   BUFGCE             |    1 |     0 |       116 |  0.86 |
|   BUFGCE_DIV         |    0 |     0 |        16 |  0.00 |
|   BUFG_GT            |    0 |     0 |       168 |  0.00 |
|   BUFG_PS            |    1 |     0 |        72 |  1.39 |
|   BUFGCTRL*          |    0 |     0 |        32 |  0.00 |
| PLL                  |    0 |     0 |         8 |  0.00 |
| MMCM                 |    0 |     0 |         4 |  0.00 |
+----------------------+------+-------+-----------+-------+
* Note: Each used BUFGCTRL counts as two global buffer resources. This table does not include global clocking resources, only buffer cell usage. See the Clock Utilization Report (report_clock_utilization) for detailed accounting of global clocking resource availability.


7. ADVANCED
-----------

+-----------------+------+-------+-----------+--------+
|    Site Type    | Used | Fixed | Available |  Util% |
+-----------------+------+-------+-----------+--------+
| GTHE4_CHANNEL   |    0 |     0 |        24 |   0.00 |
| GTHE4_COMMON    |    0 |     0 |         6 |   0.00 |
| OBUFDS_GTE4     |    0 |     0 |        12 |   0.00 |
| OBUFDS_GTE4_ADV |    0 |     0 |        12 |   0.00 |
| PS8             |    1 |     0 |         1 | 100.00 |
| SYSMONE4        |    0 |     0 |         1 |   0.00 |
+-----------------+------+-------+-----------+--------+


8. CONFIGURATION
----------------

+-------------+------+-------+-----------+-------+
|  Site Type  | Used | Fixed | Available | Util% |
+-------------+------+-------+-----------+-------+
| BSCANE2     |    1 |     0 |         4 | 25.00 |
| DNA_PORTE2  |    0 |     0 |         1 |  0.00 |
| EFUSE_USR   |    0 |     0 |         1 |  0.00 |
| FRAME_ECCE4 |    0 |     0 |         1 |  0.00 |
| ICAPE3      |    0 |     0 |         2 |  0.00 |
| MASTER_JTAG |    0 |     0 |         1 |  0.00 |
| STARTUPE3   |    0 |     0 |         1 |  0.00 |
+-------------+------+-------+-----------+-------+


9. Primitives
-------------

+----------+-------+---------------------+
| Ref Name |  Used | Functional Category |
+----------+-------+---------------------+
| FDRE     | 26864 |            Register |
| LUT6     |  6618 |                 CLB |
| SRL16E   |  4172 |                 CLB |
| LUT4     |  4042 |                 CLB |
| SRLC32E  |  2647 |                 CLB |
| RAMD32   |  1586 |                 CLB |
| LUT3     |  1477 |                 CLB |
| LUT2     |  1038 |                 CLB |
| LUT5     |  1029 |                 CLB |
| MUXF7    |   667 |                 CLB |
| LUT1     |   364 |                 CLB |
| CARRY8   |   328 |                 CLB |
| MUXF8    |   289 |                 CLB |
| FDSE     |   274 |            Register |
| RAMS32   |   226 |                 CLB |
| FDCE     |   171 |            Register |
| RAMB36E2 |    68 |           Block Ram |
| FDPE     |    40 |            Register |
| RAMB18E2 |     4 |           Block Ram |
| SRLC16E  |     2 |                 CLB |
| PS8      |     1 |            Advanced |
| BUFG_PS  |     1 |               Clock |
| BUFGCE   |     1 |               Clock |
| BSCANE2  |     1 |       Configuration |
+----------+-------+---------------------+


10. Black Boxes
---------------

+----------+------+
| Ref Name | Used |
+----------+------+


11. Instantiated Netlists
-------------------------

+------------------------------------+------+
|              Ref Name              | Used |
+------------------------------------+------+
| design_5_zynq_ultra_ps_e_0_0       |    1 |
| design_5_system_ila_0_0            |    1 |
| design_5_smartconnect_0_0          |    1 |
| design_5_rst_ps8_0_99M_0           |    1 |
| design_5_AXI_PerfectTranslator_0_3 |    1 |
| design_5_AXI_PerfectTranslator_0_2 |    1 |
| dbg_hub_CV                         |    1 |
+------------------------------------+------+


