INFO: [VRFC 10-2263] Analyzing SystemVerilog file "/home/ro0zkhosh/MemorEDF/MemorEDF/rtl/MemorEDF/MemorEDF.ip_user_files/bd/design_1/ipshared/23a4/src/Combinatorial_Dispatcher.sv" into library xil_defaultlib
INFO: [VRFC 10-311] analyzing module Combinatorial_Dispatcher
INFO: [VRFC 10-2263] Analyzing SystemVerilog file "/home/ro0zkhosh/MemorEDF/MemorEDF/rtl/MemorEDF/MemorEDF.ip_user_files/bd/design_1/ipshared/23a4/src/Combinatorial_FP.sv" into library xil_defaultlib
INFO: [VRFC 10-311] analyzing module Combinatorial_FP
INFO: [VRFC 10-2263] Analyzing SystemVerilog file "/home/ro0zkhosh/MemorEDF/MemorEDF/rtl/MemorEDF/MemorEDF.ip_user_files/bd/design_1/ipshared/23a4/src/Combinatorial_Selector.sv" into library xil_defaultlib
INFO: [VRFC 10-311] analyzing module Combinatorial_Selector
INFO: [VRFC 10-2263] Analyzing SystemVerilog file "/home/ro0zkhosh/MemorEDF/MemorEDF/rtl/MemorEDF/MemorEDF.ip_user_files/bd/design_1/ipshared/23a4/src/ConfigurationPort.sv" into library xil_defaultlib
INFO: [VRFC 10-311] analyzing module ConfigurationPort
INFO: [VRFC 10-2263] Analyzing SystemVerilog file "/home/ro0zkhosh/MemorEDF/MemorEDF/rtl/MemorEDF/MemorEDF.ip_user_files/bd/design_1/ipshared/23a4/src/Dispatcher.sv" into library xil_defaultlib
INFO: [VRFC 10-311] analyzing module Dispatcher
INFO: [VRFC 10-2263] Analyzing SystemVerilog file "/home/ro0zkhosh/MemorEDF/MemorEDF/rtl/MemorEDF/MemorEDF.ip_user_files/bd/design_1/ipshared/23a4/src/EDF.sv" into library xil_defaultlib
INFO: [VRFC 10-311] analyzing module EDF
INFO: [VRFC 10-2263] Analyzing SystemVerilog file "/home/ro0zkhosh/MemorEDF/MemorEDF/rtl/MemorEDF/MemorEDF.ip_user_files/bd/design_1/ipshared/23a4/src/FP.sv" into library xil_defaultlib
INFO: [VRFC 10-311] analyzing module FP
INFO: [VRFC 10-2263] Analyzing SystemVerilog file "/home/ro0zkhosh/MemorEDF/MemorEDF/rtl/MemorEDF/MemorEDF.ip_user_files/bd/design_1/ipshared/23a4/src/MaxSelector.sv" into library xil_defaultlib
INFO: [VRFC 10-311] analyzing module MaxSelector
INFO: [VRFC 10-2263] Analyzing SystemVerilog file "/home/ro0zkhosh/MemorEDF/MemorEDF/rtl/MemorEDF/MemorEDF.ip_user_files/bd/design_1/ipshared/23a4/src/MemGuard.sv" into library xil_defaultlib
INFO: [VRFC 10-311] analyzing module MemGuard
INFO: [VRFC 10-2263] Analyzing SystemVerilog file "/home/ro0zkhosh/MemorEDF/MemorEDF/rtl/MemorEDF/MemorEDF.ip_user_files/bd/design_1/ipshared/23a4/src/NonAXIDomain.sv" into library xil_defaultlib
INFO: [VRFC 10-311] analyzing module NonAXIDomain
INFO: [VRFC 10-2263] Analyzing SystemVerilog file "/home/ro0zkhosh/MemorEDF/MemorEDF/rtl/MemorEDF/MemorEDF.ip_user_files/bd/design_1/ipshared/23a4/src/Packetizer.sv" into library xil_defaultlib
INFO: [VRFC 10-311] analyzing module Packetizer
INFO: [VRFC 10-2263] Analyzing SystemVerilog file "/home/ro0zkhosh/MemorEDF/MemorEDF/rtl/MemorEDF/MemorEDF.ip_user_files/bd/design_1/ipshared/23a4/src/Queue.sv" into library xil_defaultlib
INFO: [VRFC 10-311] analyzing module Queue
INFO: [VRFC 10-2263] Analyzing SystemVerilog file "/home/ro0zkhosh/MemorEDF/MemorEDF/rtl/MemorEDF/MemorEDF.ip_user_files/bd/design_1/ipshared/23a4/src/Scheduler.sv" into library xil_defaultlib
INFO: [VRFC 10-311] analyzing module Scheduler
INFO: [VRFC 10-2263] Analyzing SystemVerilog file "/home/ro0zkhosh/MemorEDF/MemorEDF/rtl/MemorEDF/MemorEDF.ip_user_files/bd/design_1/ipshared/23a4/src/Selector.sv" into library xil_defaultlib
INFO: [VRFC 10-311] analyzing module Selector
INFO: [VRFC 10-2263] Analyzing SystemVerilog file "/home/ro0zkhosh/MemorEDF/MemorEDF/rtl/MemorEDF/MemorEDF.ip_user_files/bd/design_1/ipshared/23a4/src/Seralizer.sv" into library xil_defaultlib
INFO: [VRFC 10-311] analyzing module Serializer
INFO: [VRFC 10-2263] Analyzing SystemVerilog file "/home/ro0zkhosh/MemorEDF/MemorEDF/rtl/MemorEDF/MemorEDF.ip_user_files/bd/design_1/ipshared/23a4/src/TDMA.sv" into library xil_defaultlib
INFO: [VRFC 10-311] analyzing module TDMA
INFO: [VRFC 10-2263] Analyzing SystemVerilog file "/home/ro0zkhosh/MemorEDF/MemorEDF/rtl/MemorEDF/MemorEDF.ip_user_files/bd/design_1/ipshared/23a4/src/MemorEDF.sv" into library xil_defaultlib
INFO: [VRFC 10-311] analyzing module MemorEDF
INFO: [VRFC 10-2263] Analyzing SystemVerilog file "/home/ro0zkhosh/MemorEDF/MemorEDF/rtl/MemorEDF/MemorEDF.ip_user_files/bd/design_1/ip/design_1_MemorEDF_0_0/sim/design_1_MemorEDF_0_0.sv" into library xil_defaultlib
INFO: [VRFC 10-311] analyzing module design_1_MemorEDF_0_0
INFO: [VRFC 10-2263] Analyzing Verilog file "/home/ro0zkhosh/MemorEDF/MemorEDF/rtl/MemorEDF/MemorEDF.ip_user_files/bd/design_1/sim/design_1.v" into library xil_defaultlib
INFO: [VRFC 10-311] analyzing module design_1
INFO: [VRFC 10-2263] Analyzing SystemVerilog file "/home/ro0zkhosh/MemorEDF/MemorEDF/rtl/MemorEDF/MemorEDF.ip_user_files/bd/design_1/ip/design_1_axi_vip_0_2/sim/design_1_axi_vip_0_2_pkg.sv" into library xil_defaultlib
INFO: [VRFC 10-2263] Analyzing SystemVerilog file "/home/ro0zkhosh/MemorEDF/MemorEDF/rtl/MemorEDF/MemorEDF.ip_user_files/bd/design_1/ip/design_1_axi_vip_0_2/sim/design_1_axi_vip_0_2.sv" into library xil_defaultlib
INFO: [VRFC 10-311] analyzing module design_1_axi_vip_0_2
INFO: [VRFC 10-2263] Analyzing SystemVerilog file "/home/ro0zkhosh/MemorEDF/MemorEDF/rtl/MemorEDF/MemorEDF.ip_user_files/bd/design_1/ip/design_1_axi_vip_1_0/sim/design_1_axi_vip_1_0_pkg.sv" into library xil_defaultlib
INFO: [VRFC 10-2263] Analyzing SystemVerilog file "/home/ro0zkhosh/MemorEDF/MemorEDF/rtl/MemorEDF/MemorEDF.ip_user_files/bd/design_1/ip/design_1_axi_vip_1_0/sim/design_1_axi_vip_1_0.sv" into library xil_defaultlib
INFO: [VRFC 10-311] analyzing module design_1_axi_vip_1_0
INFO: [VRFC 10-2263] Analyzing SystemVerilog file "/home/ro0zkhosh/MemorEDF/MemorEDF/rtl/MemorEDF/MemorEDF.ip_user_files/bd/design_1/ip/design_1_axi_vip_0_0/sim/design_1_axi_vip_0_0_pkg.sv" into library xil_defaultlib
INFO: [VRFC 10-2263] Analyzing SystemVerilog file "/home/ro0zkhosh/MemorEDF/MemorEDF/rtl/MemorEDF/MemorEDF.ip_user_files/bd/design_1/ip/design_1_axi_vip_0_0/sim/design_1_axi_vip_0_0.sv" into library xil_defaultlib
INFO: [VRFC 10-311] analyzing module design_1_axi_vip_0_0
INFO: [VRFC 10-2263] Analyzing Verilog file "/home/ro0zkhosh/MemorEDF/MemorEDF/rtl/MemorEDF/MemorEDF.srcs/sources_1/bd/design_1/hdl/design_1_wrapper.v" into library xil_defaultlib
INFO: [VRFC 10-311] analyzing module design_1_wrapper
INFO: [VRFC 10-2263] Analyzing SystemVerilog file "/home/ro0zkhosh/MemorEDF/MemorEDF/rtl/MemorEDF/MemorEDF.srcs/sim_1/new/TB_MemorEDF.sv" into library xil_defaultlib
INFO: [VRFC 10-311] analyzing module TB_MemorEDF
INFO: [VRFC 10-2263] Analyzing Verilog file "/home/ro0zkhosh/MemorEDF/MemorEDF/rtl/MemorEDF/MemorEDF.sim/sim_1/behav/xsim/glbl.v" into library xil_defaultlib
INFO: [VRFC 10-311] analyzing module glbl
