INFO: [VRFC 10-2263] Analyzing SystemVerilog file "/home/denis/github/MemorEDF/rtl/MemorEDF/MemorEDF.ip_user_files/bd/design_1/ipshared/49d9/src/Aging.sv" into library xil_defaultlib
INFO: [VRFC 10-311] analyzing module Aging
INFO: [VRFC 10-2263] Analyzing SystemVerilog file "/home/denis/github/MemorEDF/rtl/MemorEDF/MemorEDF.ip_user_files/bd/design_1/ipshared/49d9/src/Combinatorial_Dispatcher.sv" into library xil_defaultlib
INFO: [VRFC 10-311] analyzing module Combinatorial_Dispatcher
INFO: [VRFC 10-2263] Analyzing SystemVerilog file "/home/denis/github/MemorEDF/rtl/MemorEDF/MemorEDF.ip_user_files/bd/design_1/ipshared/49d9/src/Combinatorial_FP.sv" into library xil_defaultlib
INFO: [VRFC 10-311] analyzing module Combinatorial_FP
INFO: [VRFC 10-2263] Analyzing SystemVerilog file "/home/denis/github/MemorEDF/rtl/MemorEDF/MemorEDF.ip_user_files/bd/design_1/ipshared/49d9/src/Combinatorial_Selector.sv" into library xil_defaultlib
INFO: [VRFC 10-311] analyzing module Combinatorial_Selector
INFO: [VRFC 10-2263] Analyzing SystemVerilog file "/home/denis/github/MemorEDF/rtl/MemorEDF/MemorEDF.ip_user_files/bd/design_1/ipshared/49d9/src/ConfigurationPort.sv" into library xil_defaultlib
INFO: [VRFC 10-311] analyzing module ConfigurationPort
INFO: [VRFC 10-2263] Analyzing SystemVerilog file "/home/denis/github/MemorEDF/rtl/MemorEDF/MemorEDF.ip_user_files/bd/design_1/ipshared/49d9/src/Dispatcher.sv" into library xil_defaultlib
INFO: [VRFC 10-311] analyzing module Dispatcher
INFO: [VRFC 10-2263] Analyzing SystemVerilog file "/home/denis/github/MemorEDF/rtl/MemorEDF/MemorEDF.ip_user_files/bd/design_1/ipshared/49d9/src/EDF.sv" into library xil_defaultlib
INFO: [VRFC 10-311] analyzing module EDF
INFO: [VRFC 10-2263] Analyzing SystemVerilog file "/home/denis/github/MemorEDF/rtl/MemorEDF/MemorEDF.ip_user_files/bd/design_1/ipshared/49d9/src/FP.sv" into library xil_defaultlib
INFO: [VRFC 10-311] analyzing module FP
INFO: [VRFC 10-2263] Analyzing SystemVerilog file "/home/denis/github/MemorEDF/rtl/MemorEDF/MemorEDF.ip_user_files/bd/design_1/ipshared/49d9/src/Gallois16.sv" into library xil_defaultlib
INFO: [VRFC 10-311] analyzing module Gallois16
INFO: [VRFC 10-2263] Analyzing SystemVerilog file "/home/denis/github/MemorEDF/rtl/MemorEDF/MemorEDF.ip_user_files/bd/design_1/ipshared/49d9/src/LFSR16.sv" into library xil_defaultlib
INFO: [VRFC 10-311] analyzing module LFSR16
INFO: [VRFC 10-2263] Analyzing SystemVerilog file "/home/denis/github/MemorEDF/rtl/MemorEDF/MemorEDF.ip_user_files/bd/design_1/ipshared/49d9/src/Mapper.sv" into library xil_defaultlib
INFO: [VRFC 10-311] analyzing module Mapper
INFO: [VRFC 10-2263] Analyzing SystemVerilog file "/home/denis/github/MemorEDF/rtl/MemorEDF/MemorEDF.ip_user_files/bd/design_1/ipshared/49d9/src/MaxSelector.sv" into library xil_defaultlib
INFO: [VRFC 10-311] analyzing module MaxSelector
INFO: [VRFC 10-2263] Analyzing SystemVerilog file "/home/denis/github/MemorEDF/rtl/MemorEDF/MemorEDF.ip_user_files/bd/design_1/ipshared/49d9/src/MemGuard.sv" into library xil_defaultlib
INFO: [VRFC 10-311] analyzing module MemGuard
INFO: [VRFC 10-2263] Analyzing SystemVerilog file "/home/denis/github/MemorEDF/rtl/MemorEDF/MemorEDF.ip_user_files/bd/design_1/ipshared/49d9/src/NonAXIDomain.sv" into library xil_defaultlib
INFO: [VRFC 10-311] analyzing module NonAXIDomain
INFO: [VRFC 10-2263] Analyzing SystemVerilog file "/home/denis/github/MemorEDF/rtl/MemorEDF/MemorEDF.ip_user_files/bd/design_1/ipshared/49d9/src/Packetizer.sv" into library xil_defaultlib
INFO: [VRFC 10-311] analyzing module Packetizer
INFO: [VRFC 10-2263] Analyzing SystemVerilog file "/home/denis/github/MemorEDF/rtl/MemorEDF/MemorEDF.ip_user_files/bd/design_1/ipshared/49d9/src/Queue.sv" into library xil_defaultlib
INFO: [VRFC 10-311] analyzing module Queue
INFO: [VRFC 10-2263] Analyzing SystemVerilog file "/home/denis/github/MemorEDF/rtl/MemorEDF/MemorEDF.ip_user_files/bd/design_1/ipshared/49d9/src/Scheduler.sv" into library xil_defaultlib
INFO: [VRFC 10-311] analyzing module Scheduler
INFO: [VRFC 10-2263] Analyzing SystemVerilog file "/home/denis/github/MemorEDF/rtl/MemorEDF/MemorEDF.ip_user_files/bd/design_1/ipshared/49d9/src/Selector.sv" into library xil_defaultlib
INFO: [VRFC 10-311] analyzing module Selector
INFO: [VRFC 10-2263] Analyzing SystemVerilog file "/home/denis/github/MemorEDF/rtl/MemorEDF/MemorEDF.ip_user_files/bd/design_1/ipshared/49d9/src/Seralizer.sv" into library xil_defaultlib
INFO: [VRFC 10-311] analyzing module Serializer
INFO: [VRFC 10-2263] Analyzing SystemVerilog file "/home/denis/github/MemorEDF/rtl/MemorEDF/MemorEDF.ip_user_files/bd/design_1/ipshared/49d9/src/TDMA.sv" into library xil_defaultlib
INFO: [VRFC 10-311] analyzing module TDMA
INFO: [VRFC 10-2263] Analyzing SystemVerilog file "/home/denis/github/MemorEDF/rtl/MemorEDF/MemorEDF.ip_user_files/bd/design_1/ipshared/49d9/src/MemorEDF.sv" into library xil_defaultlib
INFO: [VRFC 10-311] analyzing module MemorEDF
INFO: [VRFC 10-2263] Analyzing SystemVerilog file "/home/denis/github/MemorEDF/rtl/MemorEDF/MemorEDF.ip_user_files/bd/design_1/ip/design_1_MemorEDF_0_0/sim/design_1_MemorEDF_0_0.sv" into library xil_defaultlib
INFO: [VRFC 10-311] analyzing module design_1_MemorEDF_0_0
INFO: [VRFC 10-2263] Analyzing Verilog file "/home/denis/github/MemorEDF/rtl/MemorEDF/MemorEDF.ip_user_files/bd/design_1/sim/design_1.v" into library xil_defaultlib
INFO: [VRFC 10-311] analyzing module design_1
INFO: [VRFC 10-2263] Analyzing Verilog file "/home/denis/github/MemorEDF/rtl/MemorEDF/MemorEDF.ip_user_files/bd/design_1/ipshared/2fa9/hdl/porttoportmapping_v1_0.v" into library xil_defaultlib
INFO: [VRFC 10-311] analyzing module porttoportmapping_v1_0
INFO: [VRFC 10-2263] Analyzing Verilog file "/home/denis/github/MemorEDF/rtl/MemorEDF/MemorEDF.ip_user_files/bd/design_1/ip/design_1_porttoportmapping_v1_0_0_0/sim/design_1_porttoportmapping_v1_0_0_0.v" into library xil_defaultlib
INFO: [VRFC 10-311] analyzing module design_1_porttoportmapping_v1_0_0_0
INFO: [VRFC 10-2263] Analyzing Verilog file "/home/denis/github/MemorEDF/rtl/MemorEDF/MemorEDF.ip_user_files/bd/design_1/ipshared/549f/hdl/AXI_PerfectTranslator_v1_0_S00_AXI.v" into library xil_defaultlib
INFO: [VRFC 10-311] analyzing module AXI_PerfectTranslator_v1_0_S00_AXI
WARNING: [VRFC 10-634] event expressions must result in a singular type [/home/denis/github/MemorEDF/rtl/MemorEDF/MemorEDF.ip_user_files/bd/design_1/ipshared/549f/hdl/AXI_PerfectTranslator_v1_0_S00_AXI.v:669]
INFO: [VRFC 10-2263] Analyzing Verilog file "/home/denis/github/MemorEDF/rtl/MemorEDF/MemorEDF.ip_user_files/bd/design_1/ipshared/549f/hdl/AXI_PerfectTranslator_v1_0_M00_AXI.v" into library xil_defaultlib
INFO: [VRFC 10-311] analyzing module AXI_PerfectTranslator_v1_0_M00_AXI
INFO: [VRFC 10-2263] Analyzing Verilog file "/home/denis/github/MemorEDF/rtl/MemorEDF/MemorEDF.ip_user_files/bd/design_1/ipshared/549f/hdl/AXI_PerfectTranslator_v1_0.v" into library xil_defaultlib
INFO: [VRFC 10-311] analyzing module AXI_PerfectTranslator_v1_0
INFO: [VRFC 10-2263] Analyzing Verilog file "/home/denis/github/MemorEDF/rtl/MemorEDF/MemorEDF.ip_user_files/bd/design_1/ip/design_1_AXI_PerfectTranslator_0_0/sim/design_1_AXI_PerfectTranslator_0_0.v" into library xil_defaultlib
INFO: [VRFC 10-311] analyzing module design_1_AXI_PerfectTranslator_0_0
INFO: [VRFC 10-2263] Analyzing Verilog file "/home/denis/github/MemorEDF/rtl/MemorEDF/MemorEDF.srcs/sources_1/bd/design_1/hdl/design_1_wrapper.v" into library xil_defaultlib
INFO: [VRFC 10-311] analyzing module design_1_wrapper
