
*** Running vivado
    with args -log design_4_porttoportmapping_v1_0_0_0.vds -m64 -product Vivado -mode batch -messageDb vivado.pb -notrace -source design_4_porttoportmapping_v1_0_0_0.tcl


****** Vivado v2017.4 (64-bit)
  **** SW Build 2086221 on Fri Dec 15 20:54:30 MST 2017
  **** IP Build 2085800 on Fri Dec 15 22:25:07 MST 2017
    ** Copyright 1986-2017 Xilinx, Inc. All Rights Reserved.

source design_4_porttoportmapping_v1_0_0_0.tcl -notrace
Command: synth_design -top design_4_porttoportmapping_v1_0_0_0 -part xczu9eg-ffvb1156-2-e -mode out_of_context
Starting synth_design
Attempting to get a license for feature 'Synthesis' and/or device 'xczu9eg'
INFO: [Common 17-349] Got license for feature 'Synthesis' and/or device 'xczu9eg'
INFO: [Common 17-1540] The version limit for your license is '2018.09' and has expired for new software. A version limit expiration means that, although you may be able to continue to use the current version of tools or IP with this license, you will not be eligible for any updates or new releases.
INFO: Launching helper process for spawning children vivado processes
INFO: Helper process launched with PID 14347 
---------------------------------------------------------------------------------
Starting RTL Elaboration : Time (s): cpu = 00:00:08 ; elapsed = 00:00:09 . Memory (MB): peak = 1549.293 ; gain = 0.000 ; free physical = 818 ; free virtual = 20991
---------------------------------------------------------------------------------
INFO: [Synth 8-638] synthesizing module 'design_4_porttoportmapping_v1_0_0_0' [/home/renato/MemorEDF/MemorEDF/rtl/MemorEDF/MemorEDF.srcs/sources_1/bd/design_4/ip/design_4_porttoportmapping_v1_0_0_0/synth/design_4_porttoportmapping_v1_0_0_0.v:56]
INFO: [Synth 8-638] synthesizing module 'porttoportmapping_v1_0' [/home/renato/MemorEDF/MemorEDF/rtl/MemorEDF/MemorEDF.srcs/sources_1/bd/design_4/ipshared/2fa9/hdl/porttoportmapping_v1_0.v:4]
	Parameter COLOR_BITS_UPPER_BOUND bound to: 15 - type: integer 
	Parameter COLOR_BITS_LOWER_BOUND bound to: 14 - type: integer 
	Parameter SPM_SIZE_IN_BYTE bound to: 2097152 - type: integer 
	Parameter C_S00_AXI_ID_WIDTH bound to: 16 - type: integer 
	Parameter C_S00_AXI_DATA_WIDTH bound to: 128 - type: integer 
	Parameter C_S00_AXI_ADDR_WIDTH bound to: 40 - type: integer 
	Parameter C_S00_AXI_AWUSER_WIDTH bound to: 16 - type: integer 
	Parameter C_S00_AXI_ARUSER_WIDTH bound to: 16 - type: integer 
	Parameter C_S00_AXI_WUSER_WIDTH bound to: 0 - type: integer 
	Parameter C_S00_AXI_RUSER_WIDTH bound to: 0 - type: integer 
	Parameter C_S00_AXI_BUSER_WIDTH bound to: 0 - type: integer 
	Parameter C_M00_AXI_TARGET_SLAVE_BASE_ADDR bound to: 40'b0000000000000000000000000000000000000000 
	Parameter C_M00_AXI_BURST_LEN bound to: 16 - type: integer 
	Parameter C_M00_AXI_ID_WIDTH bound to: 16 - type: integer 
	Parameter C_M00_AXI_ADDR_WIDTH bound to: 40 - type: integer 
	Parameter C_M00_AXI_DATA_WIDTH bound to: 128 - type: integer 
	Parameter C_M00_AXI_AWUSER_WIDTH bound to: 0 - type: integer 
	Parameter C_M00_AXI_ARUSER_WIDTH bound to: 0 - type: integer 
	Parameter C_M00_AXI_WUSER_WIDTH bound to: 0 - type: integer 
	Parameter C_M00_AXI_RUSER_WIDTH bound to: 0 - type: integer 
	Parameter C_M00_AXI_BUSER_WIDTH bound to: 0 - type: integer 
INFO: [Synth 8-256] done synthesizing module 'porttoportmapping_v1_0' (1#1) [/home/renato/MemorEDF/MemorEDF/rtl/MemorEDF/MemorEDF.srcs/sources_1/bd/design_4/ipshared/2fa9/hdl/porttoportmapping_v1_0.v:4]
WARNING: [Synth 8-689] width (1) of port connection 'm00_axi_awuser' does not match port width (2) of module 'porttoportmapping_v1_0' [/home/renato/MemorEDF/MemorEDF/rtl/MemorEDF/MemorEDF.srcs/sources_1/bd/design_4/ip/design_4_porttoportmapping_v1_0_0_0/synth/design_4_porttoportmapping_v1_0_0_0.v:395]
WARNING: [Synth 8-689] width (1) of port connection 'm00_axi_aruser' does not match port width (2) of module 'porttoportmapping_v1_0' [/home/renato/MemorEDF/MemorEDF/rtl/MemorEDF/MemorEDF.srcs/sources_1/bd/design_4/ip/design_4_porttoportmapping_v1_0_0_0/synth/design_4_porttoportmapping_v1_0_0_0.v:416]
INFO: [Synth 8-256] done synthesizing module 'design_4_porttoportmapping_v1_0_0_0' (2#1) [/home/renato/MemorEDF/MemorEDF/rtl/MemorEDF/MemorEDF.srcs/sources_1/bd/design_4/ip/design_4_porttoportmapping_v1_0_0_0/synth/design_4_porttoportmapping_v1_0_0_0.v:56]
WARNING: [Synth 8-3331] design porttoportmapping_v1_0 has unconnected port s00_axi_aclk
WARNING: [Synth 8-3331] design porttoportmapping_v1_0 has unconnected port s00_axi_aresetn
WARNING: [Synth 8-3331] design porttoportmapping_v1_0 has unconnected port s00_axi_awaddr[39]
WARNING: [Synth 8-3331] design porttoportmapping_v1_0 has unconnected port s00_axi_awaddr[38]
WARNING: [Synth 8-3331] design porttoportmapping_v1_0 has unconnected port s00_axi_awaddr[37]
WARNING: [Synth 8-3331] design porttoportmapping_v1_0 has unconnected port s00_axi_awaddr[36]
WARNING: [Synth 8-3331] design porttoportmapping_v1_0 has unconnected port s00_axi_awaddr[15]
WARNING: [Synth 8-3331] design porttoportmapping_v1_0 has unconnected port s00_axi_awaddr[14]
WARNING: [Synth 8-3331] design porttoportmapping_v1_0 has unconnected port s00_axi_awregion[3]
WARNING: [Synth 8-3331] design porttoportmapping_v1_0 has unconnected port s00_axi_awregion[2]
WARNING: [Synth 8-3331] design porttoportmapping_v1_0 has unconnected port s00_axi_awregion[1]
WARNING: [Synth 8-3331] design porttoportmapping_v1_0 has unconnected port s00_axi_awregion[0]
WARNING: [Synth 8-3331] design porttoportmapping_v1_0 has unconnected port s00_axi_awuser[15]
WARNING: [Synth 8-3331] design porttoportmapping_v1_0 has unconnected port s00_axi_awuser[14]
WARNING: [Synth 8-3331] design porttoportmapping_v1_0 has unconnected port s00_axi_awuser[13]
WARNING: [Synth 8-3331] design porttoportmapping_v1_0 has unconnected port s00_axi_awuser[12]
WARNING: [Synth 8-3331] design porttoportmapping_v1_0 has unconnected port s00_axi_awuser[11]
WARNING: [Synth 8-3331] design porttoportmapping_v1_0 has unconnected port s00_axi_awuser[10]
WARNING: [Synth 8-3331] design porttoportmapping_v1_0 has unconnected port s00_axi_awuser[9]
WARNING: [Synth 8-3331] design porttoportmapping_v1_0 has unconnected port s00_axi_awuser[8]
WARNING: [Synth 8-3331] design porttoportmapping_v1_0 has unconnected port s00_axi_awuser[7]
WARNING: [Synth 8-3331] design porttoportmapping_v1_0 has unconnected port s00_axi_awuser[6]
WARNING: [Synth 8-3331] design porttoportmapping_v1_0 has unconnected port s00_axi_awuser[5]
WARNING: [Synth 8-3331] design porttoportmapping_v1_0 has unconnected port s00_axi_awuser[4]
WARNING: [Synth 8-3331] design porttoportmapping_v1_0 has unconnected port s00_axi_awuser[3]
WARNING: [Synth 8-3331] design porttoportmapping_v1_0 has unconnected port s00_axi_awuser[2]
WARNING: [Synth 8-3331] design porttoportmapping_v1_0 has unconnected port s00_axi_araddr[39]
WARNING: [Synth 8-3331] design porttoportmapping_v1_0 has unconnected port s00_axi_araddr[38]
WARNING: [Synth 8-3331] design porttoportmapping_v1_0 has unconnected port s00_axi_araddr[37]
WARNING: [Synth 8-3331] design porttoportmapping_v1_0 has unconnected port s00_axi_araddr[36]
WARNING: [Synth 8-3331] design porttoportmapping_v1_0 has unconnected port s00_axi_araddr[15]
WARNING: [Synth 8-3331] design porttoportmapping_v1_0 has unconnected port s00_axi_araddr[14]
WARNING: [Synth 8-3331] design porttoportmapping_v1_0 has unconnected port s00_axi_arregion[3]
WARNING: [Synth 8-3331] design porttoportmapping_v1_0 has unconnected port s00_axi_arregion[2]
WARNING: [Synth 8-3331] design porttoportmapping_v1_0 has unconnected port s00_axi_arregion[1]
WARNING: [Synth 8-3331] design porttoportmapping_v1_0 has unconnected port s00_axi_arregion[0]
WARNING: [Synth 8-3331] design porttoportmapping_v1_0 has unconnected port s00_axi_aruser[15]
WARNING: [Synth 8-3331] design porttoportmapping_v1_0 has unconnected port s00_axi_aruser[14]
WARNING: [Synth 8-3331] design porttoportmapping_v1_0 has unconnected port s00_axi_aruser[13]
WARNING: [Synth 8-3331] design porttoportmapping_v1_0 has unconnected port s00_axi_aruser[12]
WARNING: [Synth 8-3331] design porttoportmapping_v1_0 has unconnected port s00_axi_aruser[11]
WARNING: [Synth 8-3331] design porttoportmapping_v1_0 has unconnected port s00_axi_aruser[10]
WARNING: [Synth 8-3331] design porttoportmapping_v1_0 has unconnected port s00_axi_aruser[9]
WARNING: [Synth 8-3331] design porttoportmapping_v1_0 has unconnected port s00_axi_aruser[8]
WARNING: [Synth 8-3331] design porttoportmapping_v1_0 has unconnected port s00_axi_aruser[7]
WARNING: [Synth 8-3331] design porttoportmapping_v1_0 has unconnected port s00_axi_aruser[6]
WARNING: [Synth 8-3331] design porttoportmapping_v1_0 has unconnected port s00_axi_aruser[5]
WARNING: [Synth 8-3331] design porttoportmapping_v1_0 has unconnected port s00_axi_aruser[4]
WARNING: [Synth 8-3331] design porttoportmapping_v1_0 has unconnected port s00_axi_aruser[3]
WARNING: [Synth 8-3331] design porttoportmapping_v1_0 has unconnected port s00_axi_aruser[2]
WARNING: [Synth 8-3331] design porttoportmapping_v1_0 has unconnected port m00_axi_aclk
WARNING: [Synth 8-3331] design porttoportmapping_v1_0 has unconnected port m00_axi_aresetn
---------------------------------------------------------------------------------
Finished RTL Elaboration : Time (s): cpu = 00:00:09 ; elapsed = 00:00:10 . Memory (MB): peak = 1549.293 ; gain = 0.000 ; free physical = 816 ; free virtual = 20991
---------------------------------------------------------------------------------

Report Check Netlist: 
+------+------------------+-------+---------+-------+------------------+
|      |Item              |Errors |Warnings |Status |Description       |
+------+------------------+-------+---------+-------+------------------+
|1     |multi_driven_nets |      0|        0|Passed |Multi driven nets |
+------+------------------+-------+---------+-------+------------------+
---------------------------------------------------------------------------------
Finished RTL Optimization Phase 1 : Time (s): cpu = 00:00:09 ; elapsed = 00:00:10 . Memory (MB): peak = 1549.293 ; gain = 0.000 ; free physical = 806 ; free virtual = 20981
---------------------------------------------------------------------------------
INFO: [Device 21-403] Loading part xczu9eg-ffvb1156-2-e
INFO: [Project 1-570] Preparing netlist for logic optimization

Processing XDC Constraints
Initializing timing engine
Completed Processing XDC Constraints

INFO: [Project 1-111] Unisim Transformation Summary:
No Unisim elements were transformed.

Constraint Validation Runtime : Time (s): cpu = 00:00:00.02 ; elapsed = 00:00:00.01 . Memory (MB): peak = 2114.309 ; gain = 0.000 ; free physical = 171 ; free virtual = 18829
---------------------------------------------------------------------------------
Finished Constraint Validation : Time (s): cpu = 00:00:33 ; elapsed = 00:00:43 . Memory (MB): peak = 2114.309 ; gain = 565.016 ; free physical = 192 ; free virtual = 18440
---------------------------------------------------------------------------------
---------------------------------------------------------------------------------
Start Loading Part and Timing Information
---------------------------------------------------------------------------------
Loading part: xczu9eg-ffvb1156-2-e
---------------------------------------------------------------------------------
Finished Loading Part and Timing Information : Time (s): cpu = 00:00:33 ; elapsed = 00:00:43 . Memory (MB): peak = 2114.309 ; gain = 565.016 ; free physical = 192 ; free virtual = 18440
---------------------------------------------------------------------------------
---------------------------------------------------------------------------------
Start Applying 'set_property' XDC Constraints
---------------------------------------------------------------------------------
---------------------------------------------------------------------------------
Finished applying 'set_property' XDC Constraints : Time (s): cpu = 00:00:33 ; elapsed = 00:00:43 . Memory (MB): peak = 2114.309 ; gain = 565.016 ; free physical = 192 ; free virtual = 18440
---------------------------------------------------------------------------------
---------------------------------------------------------------------------------
Finished RTL Optimization Phase 2 : Time (s): cpu = 00:00:33 ; elapsed = 00:00:43 . Memory (MB): peak = 2114.309 ; gain = 565.016 ; free physical = 193 ; free virtual = 18441
---------------------------------------------------------------------------------

Report RTL Partitions: 
+-+--------------+------------+----------+
| |RTL Partition |Replication |Instances |
+-+--------------+------------+----------+
+-+--------------+------------+----------+
---------------------------------------------------------------------------------
Start RTL Component Statistics 
---------------------------------------------------------------------------------
Detailed RTL Component Info : 
---------------------------------------------------------------------------------
Finished RTL Component Statistics 
---------------------------------------------------------------------------------
---------------------------------------------------------------------------------
Start RTL Hierarchical Component Statistics 
---------------------------------------------------------------------------------
Hierarchical RTL Component report 
---------------------------------------------------------------------------------
Finished RTL Hierarchical Component Statistics
---------------------------------------------------------------------------------
---------------------------------------------------------------------------------
Start Part Resource Summary
---------------------------------------------------------------------------------
Part Resources:
DSPs: 2520 (col length:168)
BRAMs: 1824 (col length: RAMB18 168 RAMB36 84)
---------------------------------------------------------------------------------
Finished Part Resource Summary
---------------------------------------------------------------------------------
---------------------------------------------------------------------------------
Start Cross Boundary and Area Optimization
---------------------------------------------------------------------------------
WARNING: [Synth 8-3330] design design_4_porttoportmapping_v1_0_0_0 has an empty top module
INFO: [Synth 8-3917] design design_4_porttoportmapping_v1_0_0_0 has port m00_axi_awaddr[39] driven by constant 0
INFO: [Synth 8-3917] design design_4_porttoportmapping_v1_0_0_0 has port m00_axi_awaddr[38] driven by constant 0
INFO: [Synth 8-3917] design design_4_porttoportmapping_v1_0_0_0 has port m00_axi_awaddr[37] driven by constant 0
INFO: [Synth 8-3917] design design_4_porttoportmapping_v1_0_0_0 has port m00_axi_awaddr[36] driven by constant 0
INFO: [Synth 8-3917] design design_4_porttoportmapping_v1_0_0_0 has port m00_axi_awaddr[31] driven by constant 0
INFO: [Synth 8-3917] design design_4_porttoportmapping_v1_0_0_0 has port m00_axi_awaddr[30] driven by constant 0
INFO: [Synth 8-3917] design design_4_porttoportmapping_v1_0_0_0 has port m00_axi_araddr[39] driven by constant 0
INFO: [Synth 8-3917] design design_4_porttoportmapping_v1_0_0_0 has port m00_axi_araddr[38] driven by constant 0
INFO: [Synth 8-3917] design design_4_porttoportmapping_v1_0_0_0 has port m00_axi_araddr[37] driven by constant 0
INFO: [Synth 8-3917] design design_4_porttoportmapping_v1_0_0_0 has port m00_axi_araddr[36] driven by constant 0
INFO: [Synth 8-3917] design design_4_porttoportmapping_v1_0_0_0 has port m00_axi_araddr[31] driven by constant 0
INFO: [Synth 8-3917] design design_4_porttoportmapping_v1_0_0_0 has port m00_axi_araddr[30] driven by constant 0
WARNING: [Synth 8-3331] design design_4_porttoportmapping_v1_0_0_0 has unconnected port s00_axi_aclk
WARNING: [Synth 8-3331] design design_4_porttoportmapping_v1_0_0_0 has unconnected port s00_axi_aresetn
WARNING: [Synth 8-3331] design design_4_porttoportmapping_v1_0_0_0 has unconnected port s00_axi_awaddr[39]
WARNING: [Synth 8-3331] design design_4_porttoportmapping_v1_0_0_0 has unconnected port s00_axi_awaddr[38]
WARNING: [Synth 8-3331] design design_4_porttoportmapping_v1_0_0_0 has unconnected port s00_axi_awaddr[37]
WARNING: [Synth 8-3331] design design_4_porttoportmapping_v1_0_0_0 has unconnected port s00_axi_awaddr[36]
WARNING: [Synth 8-3331] design design_4_porttoportmapping_v1_0_0_0 has unconnected port s00_axi_awaddr[15]
WARNING: [Synth 8-3331] design design_4_porttoportmapping_v1_0_0_0 has unconnected port s00_axi_awaddr[14]
WARNING: [Synth 8-3331] design design_4_porttoportmapping_v1_0_0_0 has unconnected port s00_axi_awregion[3]
WARNING: [Synth 8-3331] design design_4_porttoportmapping_v1_0_0_0 has unconnected port s00_axi_awregion[2]
WARNING: [Synth 8-3331] design design_4_porttoportmapping_v1_0_0_0 has unconnected port s00_axi_awregion[1]
WARNING: [Synth 8-3331] design design_4_porttoportmapping_v1_0_0_0 has unconnected port s00_axi_awregion[0]
WARNING: [Synth 8-3331] design design_4_porttoportmapping_v1_0_0_0 has unconnected port s00_axi_awuser[15]
WARNING: [Synth 8-3331] design design_4_porttoportmapping_v1_0_0_0 has unconnected port s00_axi_awuser[14]
WARNING: [Synth 8-3331] design design_4_porttoportmapping_v1_0_0_0 has unconnected port s00_axi_awuser[13]
WARNING: [Synth 8-3331] design design_4_porttoportmapping_v1_0_0_0 has unconnected port s00_axi_awuser[12]
WARNING: [Synth 8-3331] design design_4_porttoportmapping_v1_0_0_0 has unconnected port s00_axi_awuser[11]
WARNING: [Synth 8-3331] design design_4_porttoportmapping_v1_0_0_0 has unconnected port s00_axi_awuser[10]
WARNING: [Synth 8-3331] design design_4_porttoportmapping_v1_0_0_0 has unconnected port s00_axi_awuser[9]
WARNING: [Synth 8-3331] design design_4_porttoportmapping_v1_0_0_0 has unconnected port s00_axi_awuser[8]
WARNING: [Synth 8-3331] design design_4_porttoportmapping_v1_0_0_0 has unconnected port s00_axi_awuser[7]
WARNING: [Synth 8-3331] design design_4_porttoportmapping_v1_0_0_0 has unconnected port s00_axi_awuser[6]
WARNING: [Synth 8-3331] design design_4_porttoportmapping_v1_0_0_0 has unconnected port s00_axi_awuser[5]
WARNING: [Synth 8-3331] design design_4_porttoportmapping_v1_0_0_0 has unconnected port s00_axi_awuser[4]
WARNING: [Synth 8-3331] design design_4_porttoportmapping_v1_0_0_0 has unconnected port s00_axi_awuser[3]
WARNING: [Synth 8-3331] design design_4_porttoportmapping_v1_0_0_0 has unconnected port s00_axi_awuser[2]
WARNING: [Synth 8-3331] design design_4_porttoportmapping_v1_0_0_0 has unconnected port s00_axi_awuser[1]
WARNING: [Synth 8-3331] design design_4_porttoportmapping_v1_0_0_0 has unconnected port s00_axi_araddr[39]
WARNING: [Synth 8-3331] design design_4_porttoportmapping_v1_0_0_0 has unconnected port s00_axi_araddr[38]
WARNING: [Synth 8-3331] design design_4_porttoportmapping_v1_0_0_0 has unconnected port s00_axi_araddr[37]
WARNING: [Synth 8-3331] design design_4_porttoportmapping_v1_0_0_0 has unconnected port s00_axi_araddr[36]
WARNING: [Synth 8-3331] design design_4_porttoportmapping_v1_0_0_0 has unconnected port s00_axi_araddr[15]
WARNING: [Synth 8-3331] design design_4_porttoportmapping_v1_0_0_0 has unconnected port s00_axi_araddr[14]
WARNING: [Synth 8-3331] design design_4_porttoportmapping_v1_0_0_0 has unconnected port s00_axi_arregion[3]
WARNING: [Synth 8-3331] design design_4_porttoportmapping_v1_0_0_0 has unconnected port s00_axi_arregion[2]
WARNING: [Synth 8-3331] design design_4_porttoportmapping_v1_0_0_0 has unconnected port s00_axi_arregion[1]
WARNING: [Synth 8-3331] design design_4_porttoportmapping_v1_0_0_0 has unconnected port s00_axi_arregion[0]
WARNING: [Synth 8-3331] design design_4_porttoportmapping_v1_0_0_0 has unconnected port s00_axi_aruser[15]
WARNING: [Synth 8-3331] design design_4_porttoportmapping_v1_0_0_0 has unconnected port s00_axi_aruser[14]
WARNING: [Synth 8-3331] design design_4_porttoportmapping_v1_0_0_0 has unconnected port s00_axi_aruser[13]
WARNING: [Synth 8-3331] design design_4_porttoportmapping_v1_0_0_0 has unconnected port s00_axi_aruser[12]
WARNING: [Synth 8-3331] design design_4_porttoportmapping_v1_0_0_0 has unconnected port s00_axi_aruser[11]
WARNING: [Synth 8-3331] design design_4_porttoportmapping_v1_0_0_0 has unconnected port s00_axi_aruser[10]
WARNING: [Synth 8-3331] design design_4_porttoportmapping_v1_0_0_0 has unconnected port s00_axi_aruser[9]
WARNING: [Synth 8-3331] design design_4_porttoportmapping_v1_0_0_0 has unconnected port s00_axi_aruser[8]
WARNING: [Synth 8-3331] design design_4_porttoportmapping_v1_0_0_0 has unconnected port s00_axi_aruser[7]
WARNING: [Synth 8-3331] design design_4_porttoportmapping_v1_0_0_0 has unconnected port s00_axi_aruser[6]
WARNING: [Synth 8-3331] design design_4_porttoportmapping_v1_0_0_0 has unconnected port s00_axi_aruser[5]
INFO: [Common 17-14] Message 'Synth 8-3331' appears 100 times and further instances of the messages will be disabled. Use the Tcl command set_msg_config to change the current settings.
---------------------------------------------------------------------------------
Finished Cross Boundary and Area Optimization : Time (s): cpu = 00:00:33 ; elapsed = 00:00:44 . Memory (MB): peak = 2114.309 ; gain = 565.016 ; free physical = 184 ; free virtual = 18433
---------------------------------------------------------------------------------

Report RTL Partitions: 
+-+--------------+------------+----------+
| |RTL Partition |Replication |Instances |
+-+--------------+------------+----------+
+-+--------------+------------+----------+
---------------------------------------------------------------------------------
Start Applying XDC Timing Constraints
---------------------------------------------------------------------------------
---------------------------------------------------------------------------------
Finished Applying XDC Timing Constraints : Time (s): cpu = 00:00:54 ; elapsed = 00:01:24 . Memory (MB): peak = 2797.215 ; gain = 1247.922 ; free physical = 146 ; free virtual = 16419
---------------------------------------------------------------------------------
---------------------------------------------------------------------------------
Start Timing Optimization
---------------------------------------------------------------------------------
---------------------------------------------------------------------------------
Finished Timing Optimization : Time (s): cpu = 00:00:54 ; elapsed = 00:01:24 . Memory (MB): peak = 2797.215 ; gain = 1247.922 ; free physical = 146 ; free virtual = 16419
---------------------------------------------------------------------------------

Report RTL Partitions: 
+-+--------------+------------+----------+
| |RTL Partition |Replication |Instances |
+-+--------------+------------+----------+
+-+--------------+------------+----------+
---------------------------------------------------------------------------------
Start Technology Mapping
---------------------------------------------------------------------------------
---------------------------------------------------------------------------------
Finished Technology Mapping : Time (s): cpu = 00:00:54 ; elapsed = 00:01:24 . Memory (MB): peak = 2807.230 ; gain = 1257.938 ; free physical = 158 ; free virtual = 16418
---------------------------------------------------------------------------------

Report RTL Partitions: 
+-+--------------+------------+----------+
| |RTL Partition |Replication |Instances |
+-+--------------+------------+----------+
+-+--------------+------------+----------+
---------------------------------------------------------------------------------
Start IO Insertion
---------------------------------------------------------------------------------
---------------------------------------------------------------------------------
Start Flattening Before IO Insertion
---------------------------------------------------------------------------------
---------------------------------------------------------------------------------
Finished Flattening Before IO Insertion
---------------------------------------------------------------------------------
---------------------------------------------------------------------------------
Start Final Netlist Cleanup
---------------------------------------------------------------------------------
---------------------------------------------------------------------------------
Finished Final Netlist Cleanup
---------------------------------------------------------------------------------
---------------------------------------------------------------------------------
Finished IO Insertion : Time (s): cpu = 00:00:54 ; elapsed = 00:01:25 . Memory (MB): peak = 2807.230 ; gain = 1257.938 ; free physical = 170 ; free virtual = 16401
---------------------------------------------------------------------------------

Report Check Netlist: 
+------+------------------+-------+---------+-------+------------------+
|      |Item              |Errors |Warnings |Status |Description       |
+------+------------------+-------+---------+-------+------------------+
|1     |multi_driven_nets |      0|        0|Passed |Multi driven nets |
+------+------------------+-------+---------+-------+------------------+
---------------------------------------------------------------------------------
Start Renaming Generated Instances
---------------------------------------------------------------------------------
---------------------------------------------------------------------------------
Finished Renaming Generated Instances : Time (s): cpu = 00:00:54 ; elapsed = 00:01:25 . Memory (MB): peak = 2807.230 ; gain = 1257.938 ; free physical = 170 ; free virtual = 16400
---------------------------------------------------------------------------------

Report RTL Partitions: 
+-+--------------+------------+----------+
| |RTL Partition |Replication |Instances |
+-+--------------+------------+----------+
+-+--------------+------------+----------+
---------------------------------------------------------------------------------
Start Rebuilding User Hierarchy
---------------------------------------------------------------------------------
---------------------------------------------------------------------------------
Finished Rebuilding User Hierarchy : Time (s): cpu = 00:00:54 ; elapsed = 00:01:25 . Memory (MB): peak = 2807.230 ; gain = 1257.938 ; free physical = 169 ; free virtual = 16399
---------------------------------------------------------------------------------
---------------------------------------------------------------------------------
Start Renaming Generated Ports
---------------------------------------------------------------------------------
---------------------------------------------------------------------------------
Finished Renaming Generated Ports : Time (s): cpu = 00:00:54 ; elapsed = 00:01:25 . Memory (MB): peak = 2807.230 ; gain = 1257.938 ; free physical = 168 ; free virtual = 16398
---------------------------------------------------------------------------------
---------------------------------------------------------------------------------
Start Handling Custom Attributes
---------------------------------------------------------------------------------
---------------------------------------------------------------------------------
Finished Handling Custom Attributes : Time (s): cpu = 00:00:54 ; elapsed = 00:01:25 . Memory (MB): peak = 2807.230 ; gain = 1257.938 ; free physical = 167 ; free virtual = 16398
---------------------------------------------------------------------------------
---------------------------------------------------------------------------------
Start Renaming Generated Nets
---------------------------------------------------------------------------------
---------------------------------------------------------------------------------
Finished Renaming Generated Nets : Time (s): cpu = 00:00:54 ; elapsed = 00:01:25 . Memory (MB): peak = 2807.230 ; gain = 1257.938 ; free physical = 166 ; free virtual = 16397
---------------------------------------------------------------------------------
---------------------------------------------------------------------------------
Start Writing Synthesis Report
---------------------------------------------------------------------------------

Report BlackBoxes: 
+-+--------------+----------+
| |BlackBox name |Instances |
+-+--------------+----------+
+-+--------------+----------+

Report Cell Usage: 
+-+-----+------+
| |Cell |Count |
+-+-----+------+
+-+-----+------+

Report Instance Areas: 
+------+---------+-------+------+
|      |Instance |Module |Cells |
+------+---------+-------+------+
|1     |top      |       |     0|
+------+---------+-------+------+
---------------------------------------------------------------------------------
Finished Writing Synthesis Report : Time (s): cpu = 00:00:54 ; elapsed = 00:01:25 . Memory (MB): peak = 2807.230 ; gain = 1257.938 ; free physical = 166 ; free virtual = 16396
---------------------------------------------------------------------------------
Synthesis finished with 0 errors, 0 critical warnings and 55 warnings.
Synthesis Optimization Runtime : Time (s): cpu = 00:00:39 ; elapsed = 00:01:00 . Memory (MB): peak = 2807.230 ; gain = 692.922 ; free physical = 169 ; free virtual = 16399
Synthesis Optimization Complete : Time (s): cpu = 00:00:54 ; elapsed = 00:01:25 . Memory (MB): peak = 2807.238 ; gain = 1257.938 ; free physical = 166 ; free virtual = 16397
INFO: [Project 1-571] Translating synthesized netlist
INFO: [Project 1-570] Preparing netlist for logic optimization
INFO: [Opt 31-138] Pushed 0 inverter(s) to 0 load pin(s).
INFO: [Project 1-111] Unisim Transformation Summary:
No Unisim elements were transformed.

INFO: [Common 17-83] Releasing license: Synthesis
27 Infos, 103 Warnings, 0 Critical Warnings and 0 Errors encountered.
synth_design completed successfully
synth_design: Time (s): cpu = 00:00:56 ; elapsed = 00:01:27 . Memory (MB): peak = 2844.199 ; gain = 1316.281 ; free physical = 204 ; free virtual = 16284
INFO: [Common 17-1381] The checkpoint '/home/renato/MemorEDF/MemorEDF/rtl/MemorEDF/MemorEDF.runs/design_4_porttoportmapping_v1_0_0_0_synth_1/design_4_porttoportmapping_v1_0_0_0.dcp' has been generated.
